{"D:\\KULIAH\\KITCHEN\\Kelompok3-Backend-Final_Project\\bin\\app.js": {"path":"D:\\KULIAH\\KITCHEN\\Kelompok3-Backend-Final_Project\\bin\\app.js","statementMap":{"0":{"start":{"line":1,"column":16},"end":{"line":1,"column":34}},"1":{"start":{"line":2,"column":13},"end":{"line":2,"column":28}},"2":{"start":{"line":3,"column":13},"end":{"line":3,"column":28}},"3":{"start":{"line":4,"column":15},"end":{"line":4,"column":32}},"4":{"start":{"line":5,"column":14},"end":{"line":5,"column":38}},"5":{"start":{"line":6,"column":16},"end":{"line":6,"column":42}},"6":{"start":{"line":7,"column":15},"end":{"line":7,"column":56}},"7":{"start":{"line":9,"column":15},"end":{"line":9,"column":41}},"8":{"start":{"line":11,"column":12},"end":{"line":11,"column":21}},"9":{"start":{"line":14,"column":0},"end":{"line":14,"column":16}},"10":{"start":{"line":15,"column":0},"end":{"line":15,"column":24}},"11":{"start":{"line":16,"column":0},"end":{"line":16,"column":49}},"12":{"start":{"line":18,"column":0},"end":{"line":18,"column":17}},"13":{"start":{"line":19,"column":0},"end":{"line":19,"column":23}},"14":{"start":{"line":20,"column":0},"end":{"line":20,"column":81}},"15":{"start":{"line":21,"column":0},"end":{"line":21,"column":47}},"16":{"start":{"line":23,"column":0},"end":{"line":23,"column":16}},"17":{"start":{"line":25,"column":0},"end":{"line":27,"column":2}},"18":{"start":{"line":26,"column":4},"end":{"line":26,"column":42}},"19":{"start":{"line":29,"column":0},"end":{"line":29,"column":23}},"20":{"start":{"line":30,"column":0},"end":{"line":30,"column":24}},"21":{"start":{"line":32,"column":0},"end":{"line":32,"column":21}}},"fnMap":{"0":{"name":"(anonymous_0)","decl":{"start":{"line":25,"column":18},"end":{"line":25,"column":19}},"loc":{"start":{"line":25,"column":32},"end":{"line":27,"column":1}},"line":25}},"branchMap":{},"s":{"0":2,"1":2,"2":2,"3":2,"4":2,"5":2,"6":2,"7":2,"8":2,"9":2,"10":2,"11":2,"12":2,"13":2,"14":2,"15":2,"16":2,"17":2,"18":0,"19":2,"20":2,"21":2},"f":{"0":0},"b":{},"_coverageSchema":"1a1c01bbd47fc00a2c39e90264f33305004495a9","hash":"47b3c0931ece954ca231e0e59c6ae67d3e484b9d"}
,"D:\\KULIAH\\KITCHEN\\Kelompok3-Backend-Final_Project\\config\\database.js": {"path":"D:\\KULIAH\\KITCHEN\\Kelompok3-Backend-Final_Project\\config\\database.js","statementMap":{"0":{"start":{"line":1,"column":15},"end":{"line":1,"column":32}},"1":{"start":{"line":2,"column":0},"end":{"line":2,"column":16}},"2":{"start":{"line":4,"column":0},"end":{"line":21,"column":2}}},"fnMap":{},"branchMap":{"0":{"loc":{"start":{"line":9,"column":10},"end":{"line":9,"column":44}},"type":"binary-expr","locations":[{"start":{"line":9,"column":10},"end":{"line":9,"column":29}},{"start":{"line":9,"column":33},"end":{"line":9,"column":44}}],"line":9},"1":{"loc":{"start":{"line":11,"column":10},"end":{"line":11,"column":37}},"type":"binary-expr","locations":[{"start":{"line":11,"column":10},"end":{"line":11,"column":29}},{"start":{"line":11,"column":33},"end":{"line":11,"column":37}}],"line":11},"2":{"loc":{"start":{"line":17,"column":10},"end":{"line":17,"column":44}},"type":"binary-expr","locations":[{"start":{"line":17,"column":10},"end":{"line":17,"column":29}},{"start":{"line":17,"column":33},"end":{"line":17,"column":44}}],"line":17},"3":{"loc":{"start":{"line":19,"column":10},"end":{"line":19,"column":37}},"type":"binary-expr","locations":[{"start":{"line":19,"column":10},"end":{"line":19,"column":29}},{"start":{"line":19,"column":33},"end":{"line":19,"column":37}}],"line":19}},"s":{"0":2,"1":2,"2":2},"f":{},"b":{"0":[2,0],"1":[2,0],"2":[2,0],"3":[2,0]},"_coverageSchema":"1a1c01bbd47fc00a2c39e90264f33305004495a9","hash":"e3324972edcc53af49d388fb778777db592e50d6"}
,"D:\\KULIAH\\KITCHEN\\Kelompok3-Backend-Final_Project\\controllers\\AirlineController.js": {"path":"D:\\KULIAH\\KITCHEN\\Kelompok3-Backend-Final_Project\\controllers\\AirlineController.js","statementMap":{"0":{"start":{"line":1,"column":17},"end":{"line":1,"column":45}},"1":{"start":{"line":2,"column":13},"end":{"line":2,"column":28}},"2":{"start":{"line":3,"column":20},"end":{"line":3,"column":40}},"3":{"start":{"line":5,"column":22},"end":{"line":34,"column":1}},"4":{"start":{"line":10,"column":8},"end":{"line":10,"column":16}},"5":{"start":{"line":12,"column":22},"end":{"line":12,"column":31}},"6":{"start":{"line":14,"column":4},"end":{"line":33,"column":5}},"7":{"start":{"line":15,"column":27},"end":{"line":20,"column":10}},"8":{"start":{"line":23,"column":8},"end":{"line":30,"column":11}},"9":{"start":{"line":32,"column":8},"end":{"line":32,"column":47}},"10":{"start":{"line":36,"column":23},"end":{"line":50,"column":1}},"11":{"start":{"line":37,"column":4},"end":{"line":49,"column":5}},"12":{"start":{"line":39,"column":25},"end":{"line":39,"column":48}},"13":{"start":{"line":41,"column":8},"end":{"line":46,"column":11}},"14":{"start":{"line":48,"column":8},"end":{"line":48,"column":45}},"15":{"start":{"line":53,"column":0},"end":{"line":56,"column":2}}},"fnMap":{"0":{"name":"(anonymous_0)","decl":{"start":{"line":5,"column":22},"end":{"line":5,"column":23}},"loc":{"start":{"line":5,"column":48},"end":{"line":34,"column":1}},"line":5},"1":{"name":"(anonymous_1)","decl":{"start":{"line":36,"column":23},"end":{"line":36,"column":24}},"loc":{"start":{"line":36,"column":49},"end":{"line":50,"column":1}},"line":36}},"branchMap":{},"s":{"0":2,"1":2,"2":2,"3":2,"4":0,"5":0,"6":0,"7":0,"8":0,"9":0,"10":2,"11":0,"12":0,"13":0,"14":0,"15":2},"f":{"0":0,"1":0},"b":{},"_coverageSchema":"1a1c01bbd47fc00a2c39e90264f33305004495a9","hash":"002a7a44c3b8a04e8824af331f311a23a00e24bb"}
,"D:\\KULIAH\\KITCHEN\\Kelompok3-Backend-Final_Project\\controllers\\AirpotController.js": {"path":"D:\\KULIAH\\KITCHEN\\Kelompok3-Backend-Final_Project\\controllers\\AirpotController.js","statementMap":{"0":{"start":{"line":1,"column":17},"end":{"line":1,"column":45}},"1":{"start":{"line":2,"column":13},"end":{"line":2,"column":28}},"2":{"start":{"line":3,"column":15},"end":{"line":3,"column":35}},"3":{"start":{"line":4,"column":20},"end":{"line":4,"column":40}},"4":{"start":{"line":6,"column":22},"end":{"line":39,"column":1}},"5":{"start":{"line":13,"column":8},"end":{"line":13,"column":16}},"6":{"start":{"line":15,"column":22},"end":{"line":15,"column":31}},"7":{"start":{"line":17,"column":4},"end":{"line":38,"column":5}},"8":{"start":{"line":18,"column":27},"end":{"line":25,"column":10}},"9":{"start":{"line":28,"column":8},"end":{"line":35,"column":11}},"10":{"start":{"line":37,"column":8},"end":{"line":37,"column":47}},"11":{"start":{"line":41,"column":22},"end":{"line":84,"column":1}},"12":{"start":{"line":42,"column":4},"end":{"line":83,"column":5}},"13":{"start":{"line":43,"column":40},"end":{"line":43,"column":49}},"14":{"start":{"line":45,"column":24},"end":{"line":45,"column":43}},"15":{"start":{"line":46,"column":26},"end":{"line":46,"column":47}},"16":{"start":{"line":47,"column":23},"end":{"line":47,"column":48}},"17":{"start":{"line":49,"column":28},"end":{"line":49,"column":30}},"18":{"start":{"line":50,"column":8},"end":{"line":56,"column":9}},"19":{"start":{"line":51,"column":12},"end":{"line":55,"column":14}},"20":{"start":{"line":58,"column":41},"end":{"line":63,"column":10}},"21":{"start":{"line":65,"column":27},"end":{"line":65,"column":55}},"22":{"start":{"line":67,"column":8},"end":{"line":80,"column":11}},"23":{"start":{"line":82,"column":8},"end":{"line":82,"column":45}},"24":{"start":{"line":87,"column":0},"end":{"line":90,"column":2}}},"fnMap":{"0":{"name":"(anonymous_0)","decl":{"start":{"line":6,"column":22},"end":{"line":6,"column":23}},"loc":{"start":{"line":6,"column":48},"end":{"line":39,"column":1}},"line":6},"1":{"name":"(anonymous_1)","decl":{"start":{"line":41,"column":22},"end":{"line":41,"column":23}},"loc":{"start":{"line":41,"column":48},"end":{"line":84,"column":1}},"line":41}},"branchMap":{"0":{"loc":{"start":{"line":45,"column":24},"end":{"line":45,"column":43}},"type":"binary-expr","locations":[{"start":{"line":45,"column":24},"end":{"line":45,"column":38}},{"start":{"line":45,"column":42},"end":{"line":45,"column":43}}],"line":45},"1":{"loc":{"start":{"line":46,"column":26},"end":{"line":46,"column":47}},"type":"binary-expr","locations":[{"start":{"line":46,"column":26},"end":{"line":46,"column":41}},{"start":{"line":46,"column":45},"end":{"line":46,"column":47}}],"line":46},"2":{"loc":{"start":{"line":50,"column":8},"end":{"line":56,"column":9}},"type":"if","locations":[{"start":{"line":50,"column":8},"end":{"line":56,"column":9}},{"start":{},"end":{}}],"line":50}},"s":{"0":2,"1":2,"2":2,"3":2,"4":2,"5":0,"6":0,"7":0,"8":0,"9":0,"10":0,"11":2,"12":0,"13":0,"14":0,"15":0,"16":0,"17":0,"18":0,"19":0,"20":0,"21":0,"22":0,"23":0,"24":2},"f":{"0":0,"1":0},"b":{"0":[0,0],"1":[0,0],"2":[0,0]},"_coverageSchema":"1a1c01bbd47fc00a2c39e90264f33305004495a9","hash":"3abdd15db11fea221fac0d0c93d2f54c84df2bae"}
,"D:\\KULIAH\\KITCHEN\\Kelompok3-Backend-Final_Project\\controllers\\AuthController.js": {"path":"D:\\KULIAH\\KITCHEN\\Kelompok3-Backend-Final_Project\\controllers\\AuthController.js","statementMap":{"0":{"start":{"line":1,"column":15},"end":{"line":1,"column":32}},"1":{"start":{"line":2,"column":12},"end":{"line":2,"column":35}},"2":{"start":{"line":3,"column":33},"end":{"line":3,"column":53}},"3":{"start":{"line":5,"column":17},"end":{"line":5,"column":45}},"4":{"start":{"line":6,"column":13},"end":{"line":6,"column":28}},"5":{"start":{"line":7,"column":18},"end":{"line":7,"column":38}},"6":{"start":{"line":8,"column":19},"end":{"line":8,"column":40}},"7":{"start":{"line":9,"column":50},"end":{"line":9,"column":76}},"8":{"start":{"line":10,"column":26},"end":{"line":10,"column":58}},"9":{"start":{"line":11,"column":17},"end":{"line":11,"column":43}},"10":{"start":{"line":12,"column":15},"end":{"line":12,"column":32}},"11":{"start":{"line":13,"column":15},"end":{"line":13,"column":32}},"12":{"start":{"line":14,"column":0},"end":{"line":14,"column":16}},"13":{"start":{"line":16,"column":21},"end":{"line":16,"column":160}},"14":{"start":{"line":18,"column":15},"end":{"line":18,"column":117}},"15":{"start":{"line":20,"column":25},"end":{"line":24,"column":2}},"16":{"start":{"line":26,"column":17},"end":{"line":87,"column":1}},"17":{"start":{"line":27,"column":2},"end":{"line":86,"column":3}},"18":{"start":{"line":28,"column":72},"end":{"line":28,"column":80}},"19":{"start":{"line":29,"column":4},"end":{"line":29,"column":32}},"20":{"start":{"line":30,"column":19},"end":{"line":30,"column":28}},"21":{"start":{"line":44,"column":17},"end":{"line":48,"column":6}},"22":{"start":{"line":50,"column":4},"end":{"line":52,"column":5}},"23":{"start":{"line":51,"column":6},"end":{"line":51,"column":62}},"24":{"start":{"line":54,"column":27},"end":{"line":54,"column":46}},"25":{"start":{"line":55,"column":4},"end":{"line":57,"column":5}},"26":{"start":{"line":56,"column":6},"end":{"line":56,"column":68}},"27":{"start":{"line":59,"column":23},"end":{"line":59,"column":25}},"28":{"start":{"line":60,"column":27},"end":{"line":60,"column":64}},"29":{"start":{"line":61,"column":14},"end":{"line":61,"column":41}},"30":{"start":{"line":62,"column":20},"end":{"line":72,"column":6}},"31":{"start":{"line":73,"column":23},"end":{"line":73,"column":66}},"32":{"start":{"line":75,"column":4},"end":{"line":83,"column":7}},"33":{"start":{"line":85,"column":4},"end":{"line":85,"column":41}},"34":{"start":{"line":89,"column":22},"end":{"line":141,"column":1}},"35":{"start":{"line":90,"column":2},"end":{"line":140,"column":3}},"36":{"start":{"line":91,"column":27},"end":{"line":91,"column":35}},"37":{"start":{"line":92,"column":20},"end":{"line":92,"column":22}},"38":{"start":{"line":94,"column":24},"end":{"line":94,"column":63}},"39":{"start":{"line":95,"column":27},"end":{"line":95,"column":48}},"40":{"start":{"line":96,"column":24},"end":{"line":96,"column":34}},"41":{"start":{"line":97,"column":4},"end":{"line":99,"column":5}},"42":{"start":{"line":98,"column":6},"end":{"line":98,"column":74}},"43":{"start":{"line":101,"column":4},"end":{"line":106,"column":5}},"44":{"start":{"line":102,"column":6},"end":{"line":105,"column":9}},"45":{"start":{"line":107,"column":4},"end":{"line":112,"column":5}},"46":{"start":{"line":108,"column":6},"end":{"line":108,"column":42}},"47":{"start":{"line":109,"column":6},"end":{"line":109,"column":36}},"48":{"start":{"line":110,"column":11},"end":{"line":112,"column":5}},"49":{"start":{"line":111,"column":6},"end":{"line":111,"column":67}},"50":{"start":{"line":114,"column":44},"end":{"line":120,"column":5}},"51":{"start":{"line":126,"column":4},"end":{"line":126,"column":32}},"52":{"start":{"line":128,"column":4},"end":{"line":133,"column":7}},"53":{"start":{"line":135,"column":4},"end":{"line":139,"column":5}},"54":{"start":{"line":136,"column":6},"end":{"line":136,"column":25}},"55":{"start":{"line":138,"column":6},"end":{"line":138,"column":62}},"56":{"start":{"line":143,"column":14},"end":{"line":200,"column":1}},"57":{"start":{"line":144,"column":2},"end":{"line":199,"column":3}},"58":{"start":{"line":145,"column":32},"end":{"line":145,"column":40}},"59":{"start":{"line":147,"column":17},"end":{"line":151,"column":6}},"60":{"start":{"line":153,"column":4},"end":{"line":155,"column":5}},"61":{"start":{"line":154,"column":6},"end":{"line":154,"column":69}},"62":{"start":{"line":156,"column":4},"end":{"line":196,"column":5}},"63":{"start":{"line":157,"column":26},"end":{"line":170,"column":7}},"64":{"start":{"line":171,"column":27},"end":{"line":183,"column":7}},"65":{"start":{"line":185,"column":6},"end":{"line":193,"column":9}},"66":{"start":{"line":195,"column":6},"end":{"line":195,"column":64}},"67":{"start":{"line":198,"column":4},"end":{"line":198,"column":41}},"68":{"start":{"line":202,"column":20},"end":{"line":208,"column":1}},"69":{"start":{"line":203,"column":2},"end":{"line":207,"column":3}},"70":{"start":{"line":204,"column":4},"end":{"line":204,"column":35}},"71":{"start":{"line":206,"column":4},"end":{"line":206,"column":41}},"72":{"start":{"line":210,"column":22},"end":{"line":259,"column":1}},"73":{"start":{"line":211,"column":2},"end":{"line":258,"column":3}},"74":{"start":{"line":212,"column":21},"end":{"line":212,"column":30}},"75":{"start":{"line":214,"column":23},"end":{"line":214,"column":56}},"76":{"start":{"line":215,"column":4},"end":{"line":215,"column":40}},"77":{"start":{"line":217,"column":19},"end":{"line":220,"column":6}},"78":{"start":{"line":222,"column":31},"end":{"line":222,"column":58}},"79":{"start":{"line":224,"column":4},"end":{"line":226,"column":5}},"80":{"start":{"line":225,"column":6},"end":{"line":225,"column":101}},"81":{"start":{"line":228,"column":27},"end":{"line":228,"column":88}},"82":{"start":{"line":230,"column":28},"end":{"line":241,"column":6}},"83":{"start":{"line":243,"column":4},"end":{"line":255,"column":5}},"84":{"start":{"line":244,"column":6},"end":{"line":248,"column":9}},"85":{"start":{"line":250,"column":6},"end":{"line":254,"column":9}},"86":{"start":{"line":257,"column":4},"end":{"line":257,"column":43}},"87":{"start":{"line":261,"column":21},"end":{"line":272,"column":1}},"88":{"start":{"line":262,"column":2},"end":{"line":271,"column":3}},"89":{"start":{"line":263,"column":4},"end":{"line":268,"column":7}},"90":{"start":{"line":270,"column":4},"end":{"line":270,"column":41}},"91":{"start":{"line":274,"column":22},"end":{"line":305,"column":1}},"92":{"start":{"line":275,"column":2},"end":{"line":304,"column":3}},"93":{"start":{"line":276,"column":22},"end":{"line":276,"column":30}},"94":{"start":{"line":277,"column":25},"end":{"line":277,"column":65}},"95":{"start":{"line":279,"column":4},"end":{"line":281,"column":5}},"96":{"start":{"line":280,"column":6},"end":{"line":280,"column":69}},"97":{"start":{"line":284,"column":20},"end":{"line":287,"column":5}},"98":{"start":{"line":288,"column":18},"end":{"line":288,"column":81}},"99":{"start":{"line":290,"column":17},"end":{"line":290,"column":106}},"100":{"start":{"line":291,"column":4},"end":{"line":291,"column":22}},"101":{"start":{"line":292,"column":23},"end":{"line":292,"column":94}},"102":{"start":{"line":294,"column":4},"end":{"line":301,"column":7}},"103":{"start":{"line":303,"column":4},"end":{"line":303,"column":41}},"104":{"start":{"line":307,"column":28},"end":{"line":332,"column":1}},"105":{"start":{"line":308,"column":2},"end":{"line":331,"column":3}},"106":{"start":{"line":309,"column":22},"end":{"line":309,"column":31}},"107":{"start":{"line":311,"column":4},"end":{"line":313,"column":5}},"108":{"start":{"line":312,"column":6},"end":{"line":312,"column":56}},"109":{"start":{"line":315,"column":4},"end":{"line":322,"column":5}},"110":{"start":{"line":316,"column":6},"end":{"line":316,"column":58}},"111":{"start":{"line":318,"column":6},"end":{"line":320,"column":7}},"112":{"start":{"line":319,"column":8},"end":{"line":319,"column":56}},"113":{"start":{"line":321,"column":6},"end":{"line":321,"column":54}},"114":{"start":{"line":323,"column":4},"end":{"line":328,"column":7}},"115":{"start":{"line":330,"column":4},"end":{"line":330,"column":43}},"116":{"start":{"line":334,"column":23},"end":{"line":368,"column":1}},"117":{"start":{"line":335,"column":2},"end":{"line":367,"column":3}},"118":{"start":{"line":336,"column":22},"end":{"line":336,"column":31}},"119":{"start":{"line":337,"column":39},"end":{"line":337,"column":47}},"120":{"start":{"line":339,"column":4},"end":{"line":341,"column":5}},"121":{"start":{"line":340,"column":6},"end":{"line":340,"column":68}},"122":{"start":{"line":342,"column":4},"end":{"line":344,"column":5}},"123":{"start":{"line":343,"column":6},"end":{"line":343,"column":87}},"124":{"start":{"line":345,"column":18},"end":{"line":345,"column":59}},"125":{"start":{"line":346,"column":17},"end":{"line":346,"column":48}},"126":{"start":{"line":348,"column":4},"end":{"line":350,"column":5}},"127":{"start":{"line":349,"column":6},"end":{"line":349,"column":55}},"128":{"start":{"line":351,"column":27},"end":{"line":351,"column":58}},"129":{"start":{"line":353,"column":4},"end":{"line":358,"column":6}},"130":{"start":{"line":359,"column":4},"end":{"line":364,"column":7}},"131":{"start":{"line":366,"column":4},"end":{"line":366,"column":43}},"132":{"start":{"line":370,"column":0},"end":{"line":380,"column":2}}},"fnMap":{"0":{"name":"(anonymous_0)","decl":{"start":{"line":26,"column":17},"end":{"line":26,"column":18}},"loc":{"start":{"line":26,"column":43},"end":{"line":87,"column":1}},"line":26},"1":{"name":"(anonymous_1)","decl":{"start":{"line":89,"column":22},"end":{"line":89,"column":23}},"loc":{"start":{"line":89,"column":48},"end":{"line":141,"column":1}},"line":89},"2":{"name":"(anonymous_2)","decl":{"start":{"line":143,"column":14},"end":{"line":143,"column":15}},"loc":{"start":{"line":143,"column":40},"end":{"line":200,"column":1}},"line":143},"3":{"name":"(anonymous_3)","decl":{"start":{"line":202,"column":20},"end":{"line":202,"column":21}},"loc":{"start":{"line":202,"column":40},"end":{"line":208,"column":1}},"line":202},"4":{"name":"(anonymous_4)","decl":{"start":{"line":210,"column":22},"end":{"line":210,"column":23}},"loc":{"start":{"line":210,"column":48},"end":{"line":259,"column":1}},"line":210},"5":{"name":"(anonymous_5)","decl":{"start":{"line":261,"column":21},"end":{"line":261,"column":22}},"loc":{"start":{"line":261,"column":41},"end":{"line":272,"column":1}},"line":261},"6":{"name":"(anonymous_6)","decl":{"start":{"line":274,"column":22},"end":{"line":274,"column":23}},"loc":{"start":{"line":274,"column":48},"end":{"line":305,"column":1}},"line":274},"7":{"name":"(anonymous_7)","decl":{"start":{"line":307,"column":28},"end":{"line":307,"column":29}},"loc":{"start":{"line":307,"column":54},"end":{"line":332,"column":1}},"line":307},"8":{"name":"(anonymous_8)","decl":{"start":{"line":334,"column":23},"end":{"line":334,"column":24}},"loc":{"start":{"line":334,"column":49},"end":{"line":368,"column":1}},"line":334}},"branchMap":{"0":{"loc":{"start":{"line":50,"column":4},"end":{"line":52,"column":5}},"type":"if","locations":[{"start":{"line":50,"column":4},"end":{"line":52,"column":5}},{"start":{},"end":{}}],"line":50},"1":{"loc":{"start":{"line":55,"column":4},"end":{"line":57,"column":5}},"type":"if","locations":[{"start":{"line":55,"column":4},"end":{"line":57,"column":5}},{"start":{},"end":{}}],"line":55},"2":{"loc":{"start":{"line":61,"column":14},"end":{"line":61,"column":41}},"type":"binary-expr","locations":[{"start":{"line":61,"column":14},"end":{"line":61,"column":27}},{"start":{"line":61,"column":31},"end":{"line":61,"column":41}}],"line":61},"3":{"loc":{"start":{"line":97,"column":4},"end":{"line":99,"column":5}},"type":"if","locations":[{"start":{"line":97,"column":4},"end":{"line":99,"column":5}},{"start":{},"end":{}}],"line":97},"4":{"loc":{"start":{"line":101,"column":4},"end":{"line":106,"column":5}},"type":"if","locations":[{"start":{"line":101,"column":4},"end":{"line":106,"column":5}},{"start":{},"end":{}}],"line":101},"5":{"loc":{"start":{"line":107,"column":4},"end":{"line":112,"column":5}},"type":"if","locations":[{"start":{"line":107,"column":4},"end":{"line":112,"column":5}},{"start":{"line":110,"column":11},"end":{"line":112,"column":5}}],"line":107},"6":{"loc":{"start":{"line":110,"column":11},"end":{"line":112,"column":5}},"type":"if","locations":[{"start":{"line":110,"column":11},"end":{"line":112,"column":5}},{"start":{},"end":{}}],"line":110},"7":{"loc":{"start":{"line":135,"column":4},"end":{"line":139,"column":5}},"type":"if","locations":[{"start":{"line":135,"column":4},"end":{"line":139,"column":5}},{"start":{"line":137,"column":11},"end":{"line":139,"column":5}}],"line":135},"8":{"loc":{"start":{"line":153,"column":4},"end":{"line":155,"column":5}},"type":"if","locations":[{"start":{"line":153,"column":4},"end":{"line":155,"column":5}},{"start":{},"end":{}}],"line":153},"9":{"loc":{"start":{"line":156,"column":4},"end":{"line":196,"column":5}},"type":"if","locations":[{"start":{"line":156,"column":4},"end":{"line":196,"column":5}},{"start":{"line":194,"column":11},"end":{"line":196,"column":5}}],"line":156},"10":{"loc":{"start":{"line":156,"column":8},"end":{"line":156,"column":59}},"type":"binary-expr","locations":[{"start":{"line":156,"column":8},"end":{"line":156,"column":12}},{"start":{"line":156,"column":16},"end":{"line":156,"column":59}}],"line":156},"11":{"loc":{"start":{"line":224,"column":4},"end":{"line":226,"column":5}},"type":"if","locations":[{"start":{"line":224,"column":4},"end":{"line":226,"column":5}},{"start":{},"end":{}}],"line":224},"12":{"loc":{"start":{"line":243,"column":4},"end":{"line":255,"column":5}},"type":"if","locations":[{"start":{"line":243,"column":4},"end":{"line":255,"column":5}},{"start":{"line":249,"column":11},"end":{"line":255,"column":5}}],"line":243},"13":{"loc":{"start":{"line":279,"column":4},"end":{"line":281,"column":5}},"type":"if","locations":[{"start":{"line":279,"column":4},"end":{"line":281,"column":5}},{"start":{},"end":{}}],"line":279},"14":{"loc":{"start":{"line":311,"column":4},"end":{"line":313,"column":5}},"type":"if","locations":[{"start":{"line":311,"column":4},"end":{"line":313,"column":5}},{"start":{},"end":{}}],"line":311},"15":{"loc":{"start":{"line":318,"column":6},"end":{"line":320,"column":7}},"type":"if","locations":[{"start":{"line":318,"column":6},"end":{"line":320,"column":7}},{"start":{},"end":{}}],"line":318},"16":{"loc":{"start":{"line":339,"column":4},"end":{"line":341,"column":5}},"type":"if","locations":[{"start":{"line":339,"column":4},"end":{"line":341,"column":5}},{"start":{},"end":{}}],"line":339},"17":{"loc":{"start":{"line":342,"column":4},"end":{"line":344,"column":5}},"type":"if","locations":[{"start":{"line":342,"column":4},"end":{"line":344,"column":5}},{"start":{},"end":{}}],"line":342},"18":{"loc":{"start":{"line":348,"column":4},"end":{"line":350,"column":5}},"type":"if","locations":[{"start":{"line":348,"column":4},"end":{"line":350,"column":5}},{"start":{},"end":{}}],"line":348}},"s":{"0":2,"1":2,"2":2,"3":2,"4":2,"5":2,"6":2,"7":2,"8":2,"9":2,"10":2,"11":2,"12":2,"13":2,"14":2,"15":2,"16":2,"17":0,"18":0,"19":0,"20":0,"21":0,"22":0,"23":0,"24":0,"25":0,"26":0,"27":0,"28":0,"29":0,"30":0,"31":0,"32":0,"33":0,"34":2,"35":0,"36":0,"37":0,"38":0,"39":0,"40":0,"41":0,"42":0,"43":0,"44":0,"45":0,"46":0,"47":0,"48":0,"49":0,"50":0,"51":0,"52":0,"53":0,"54":0,"55":0,"56":2,"57":0,"58":0,"59":0,"60":0,"61":0,"62":0,"63":0,"64":0,"65":0,"66":0,"67":0,"68":2,"69":0,"70":0,"71":0,"72":2,"73":0,"74":0,"75":0,"76":0,"77":0,"78":0,"79":0,"80":0,"81":0,"82":0,"83":0,"84":0,"85":0,"86":0,"87":2,"88":0,"89":0,"90":0,"91":2,"92":0,"93":0,"94":0,"95":0,"96":0,"97":0,"98":0,"99":0,"100":0,"101":0,"102":0,"103":0,"104":2,"105":0,"106":0,"107":0,"108":0,"109":0,"110":0,"111":0,"112":0,"113":0,"114":0,"115":0,"116":2,"117":0,"118":0,"119":0,"120":0,"121":0,"122":0,"123":0,"124":0,"125":0,"126":0,"127":0,"128":0,"129":0,"130":0,"131":0,"132":2},"f":{"0":0,"1":0,"2":0,"3":0,"4":0,"5":0,"6":0,"7":0,"8":0},"b":{"0":[0,0],"1":[0,0],"2":[0,0],"3":[0,0],"4":[0,0],"5":[0,0],"6":[0,0],"7":[0,0],"8":[0,0],"9":[0,0],"10":[0,0],"11":[0,0],"12":[0,0],"13":[0,0],"14":[0,0],"15":[0,0],"16":[0,0],"17":[0,0],"18":[0,0]},"_coverageSchema":"1a1c01bbd47fc00a2c39e90264f33305004495a9","hash":"3d5fdc0a3d2450877861e1e88ceb7fde3ce8abed"}
,"D:\\KULIAH\\KITCHEN\\Kelompok3-Backend-Final_Project\\controllers\\BookingController.js": {"path":"D:\\KULIAH\\KITCHEN\\Kelompok3-Backend-Final_Project\\controllers\\BookingController.js","statementMap":{"0":{"start":{"line":1,"column":17},"end":{"line":1,"column":45}},"1":{"start":{"line":2,"column":23},"end":{"line":2,"column":38}},"2":{"start":{"line":3,"column":0},"end":{"line":3,"column":27}},"3":{"start":{"line":4,"column":104},"end":{"line":4,"column":124}},"4":{"start":{"line":5,"column":23},"end":{"line":5,"column":49}},"5":{"start":{"line":6,"column":26},"end":{"line":6,"column":46}},"6":{"start":{"line":7,"column":19},"end":{"line":7,"column":33}},"7":{"start":{"line":8,"column":34},"end":{"line":8,"column":54}},"8":{"start":{"line":9,"column":15},"end":{"line":9,"column":42}},"9":{"start":{"line":10,"column":15},"end":{"line":10,"column":35}},"10":{"start":{"line":12,"column":11},"end":{"line":16,"column":2}},"11":{"start":{"line":17,"column":20},"end":{"line":88,"column":1}},"12":{"start":{"line":18,"column":4},"end":{"line":87,"column":5}},"13":{"start":{"line":32,"column":12},"end":{"line":32,"column":21}},"14":{"start":{"line":34,"column":24},"end":{"line":34,"column":43}},"15":{"start":{"line":35,"column":26},"end":{"line":35,"column":47}},"16":{"start":{"line":36,"column":23},"end":{"line":36,"column":48}},"17":{"start":{"line":38,"column":28},"end":{"line":38,"column":30}},"18":{"start":{"line":39,"column":8},"end":{"line":39,"column":66}},"19":{"start":{"line":39,"column":26},"end":{"line":39,"column":66}},"20":{"start":{"line":40,"column":8},"end":{"line":40,"column":51}},"21":{"start":{"line":40,"column":21},"end":{"line":40,"column":51}},"22":{"start":{"line":41,"column":8},"end":{"line":41,"column":60}},"23":{"start":{"line":41,"column":24},"end":{"line":41,"column":60}},"24":{"start":{"line":42,"column":8},"end":{"line":42,"column":57}},"25":{"start":{"line":42,"column":23},"end":{"line":42,"column":57}},"26":{"start":{"line":43,"column":8},"end":{"line":43,"column":66}},"27":{"start":{"line":43,"column":26},"end":{"line":43,"column":66}},"28":{"start":{"line":44,"column":8},"end":{"line":44,"column":103}},"29":{"start":{"line":44,"column":50},"end":{"line":44,"column":103}},"30":{"start":{"line":45,"column":8},"end":{"line":45,"column":66}},"31":{"start":{"line":45,"column":26},"end":{"line":45,"column":66}},"32":{"start":{"line":46,"column":8},"end":{"line":46,"column":47}},"33":{"start":{"line":46,"column":20},"end":{"line":46,"column":47}},"34":{"start":{"line":47,"column":8},"end":{"line":47,"column":86}},"35":{"start":{"line":47,"column":25},"end":{"line":47,"column":86}},"36":{"start":{"line":49,"column":8},"end":{"line":60,"column":9}},"37":{"start":{"line":50,"column":12},"end":{"line":59,"column":14}},"38":{"start":{"line":62,"column":42},"end":{"line":67,"column":10}},"39":{"start":{"line":69,"column":27},"end":{"line":69,"column":55}},"40":{"start":{"line":71,"column":8},"end":{"line":83,"column":11}},"41":{"start":{"line":85,"column":8},"end":{"line":85,"column":25}},"42":{"start":{"line":86,"column":8},"end":{"line":86,"column":45}},"43":{"start":{"line":89,"column":22},"end":{"line":148,"column":1}},"44":{"start":{"line":90,"column":4},"end":{"line":147,"column":5}},"45":{"start":{"line":91,"column":40},"end":{"line":91,"column":49}},"46":{"start":{"line":93,"column":28},"end":{"line":93,"column":30}},"47":{"start":{"line":94,"column":8},"end":{"line":98,"column":9}},"48":{"start":{"line":95,"column":12},"end":{"line":97,"column":13}},"49":{"start":{"line":99,"column":24},"end":{"line":99,"column":43}},"50":{"start":{"line":100,"column":26},"end":{"line":100,"column":47}},"51":{"start":{"line":101,"column":23},"end":{"line":101,"column":48}},"52":{"start":{"line":104,"column":42},"end":{"line":131,"column":10}},"53":{"start":{"line":133,"column":8},"end":{"line":144,"column":11}},"54":{"start":{"line":146,"column":8},"end":{"line":146,"column":45}},"55":{"start":{"line":149,"column":23},"end":{"line":255,"column":1}},"56":{"start":{"line":150,"column":4},"end":{"line":253,"column":5}},"57":{"start":{"line":151,"column":28},"end":{"line":151,"column":36}},"58":{"start":{"line":152,"column":51},"end":{"line":152,"column":60}},"59":{"start":{"line":154,"column":8},"end":{"line":154,"column":32}},"60":{"start":{"line":154,"column":20},"end":{"line":154,"column":32}},"61":{"start":{"line":155,"column":28},"end":{"line":155,"column":30}},"62":{"start":{"line":156,"column":8},"end":{"line":161,"column":9}},"63":{"start":{"line":157,"column":12},"end":{"line":160,"column":14}},"64":{"start":{"line":162,"column":8},"end":{"line":169,"column":9}},"65":{"start":{"line":163,"column":12},"end":{"line":168,"column":14}},"66":{"start":{"line":170,"column":24},"end":{"line":170,"column":43}},"67":{"start":{"line":171,"column":26},"end":{"line":171,"column":47}},"68":{"start":{"line":172,"column":23},"end":{"line":172,"column":48}},"69":{"start":{"line":174,"column":8},"end":{"line":174,"column":38}},"70":{"start":{"line":175,"column":43},"end":{"line":208,"column":10}},"71":{"start":{"line":209,"column":8},"end":{"line":209,"column":62}},"72":{"start":{"line":210,"column":8},"end":{"line":210,"column":111}},"73":{"start":{"line":210,"column":54},"end":{"line":210,"column":111}},"74":{"start":{"line":211,"column":23},"end":{"line":211,"column":72}},"75":{"start":{"line":211,"column":48},"end":{"line":211,"column":70}},"76":{"start":{"line":213,"column":8},"end":{"line":234,"column":9}},"77":{"start":{"line":213,"column":21},"end":{"line":213,"column":22}},"78":{"start":{"line":214,"column":40},"end":{"line":214,"column":41}},"79":{"start":{"line":214,"column":56},"end":{"line":214,"column":57}},"80":{"start":{"line":214,"column":71},"end":{"line":214,"column":72}},"81":{"start":{"line":215,"column":26},"end":{"line":215,"column":45}},"82":{"start":{"line":216,"column":12},"end":{"line":233,"column":13}},"83":{"start":{"line":216,"column":25},"end":{"line":216,"column":26}},"84":{"start":{"line":217,"column":16},"end":{"line":217,"column":55}},"85":{"start":{"line":218,"column":36},"end":{"line":218,"column":71}},"86":{"start":{"line":219,"column":30},"end":{"line":219,"column":121}},"87":{"start":{"line":220,"column":16},"end":{"line":229,"column":17}},"88":{"start":{"line":221,"column":20},"end":{"line":221,"column":57}},"89":{"start":{"line":222,"column":20},"end":{"line":222,"column":32}},"90":{"start":{"line":223,"column":23},"end":{"line":229,"column":17}},"91":{"start":{"line":224,"column":20},"end":{"line":224,"column":67}},"92":{"start":{"line":225,"column":20},"end":{"line":225,"column":32}},"93":{"start":{"line":226,"column":23},"end":{"line":229,"column":17}},"94":{"start":{"line":227,"column":20},"end":{"line":227,"column":67}},"95":{"start":{"line":228,"column":20},"end":{"line":228,"column":31}},"96":{"start":{"line":230,"column":16},"end":{"line":230,"column":51}},"97":{"start":{"line":231,"column":16},"end":{"line":231,"column":51}},"98":{"start":{"line":232,"column":16},"end":{"line":232,"column":49}},"99":{"start":{"line":235,"column":27},"end":{"line":235,"column":55}},"100":{"start":{"line":237,"column":8},"end":{"line":249,"column":11}},"101":{"start":{"line":251,"column":8},"end":{"line":251,"column":29}},"102":{"start":{"line":252,"column":8},"end":{"line":252,"column":65}},"103":{"start":{"line":256,"column":23},"end":{"line":324,"column":1}},"104":{"start":{"line":257,"column":4},"end":{"line":323,"column":5}},"105":{"start":{"line":258,"column":28},"end":{"line":258,"column":36}},"106":{"start":{"line":259,"column":23},"end":{"line":259,"column":33}},"107":{"start":{"line":261,"column":28},"end":{"line":290,"column":10}},"108":{"start":{"line":291,"column":25},"end":{"line":291,"column":26}},"109":{"start":{"line":291,"column":41},"end":{"line":291,"column":42}},"110":{"start":{"line":291,"column":56},"end":{"line":291,"column":57}},"111":{"start":{"line":292,"column":26},"end":{"line":292,"column":146}},"112":{"start":{"line":293,"column":22},"end":{"line":295,"column":9}},"113":{"start":{"line":296,"column":8},"end":{"line":307,"column":9}},"114":{"start":{"line":296,"column":21},"end":{"line":296,"column":22}},"115":{"start":{"line":297,"column":12},"end":{"line":306,"column":13}},"116":{"start":{"line":298,"column":16},"end":{"line":298,"column":52}},"117":{"start":{"line":299,"column":16},"end":{"line":299,"column":28}},"118":{"start":{"line":300,"column":19},"end":{"line":306,"column":13}},"119":{"start":{"line":301,"column":16},"end":{"line":301,"column":62}},"120":{"start":{"line":302,"column":16},"end":{"line":302,"column":28}},"121":{"start":{"line":303,"column":19},"end":{"line":306,"column":13}},"122":{"start":{"line":304,"column":16},"end":{"line":304,"column":62}},"123":{"start":{"line":305,"column":16},"end":{"line":305,"column":28}},"124":{"start":{"line":308,"column":8},"end":{"line":308,"column":39}},"125":{"start":{"line":309,"column":8},"end":{"line":309,"column":39}},"126":{"start":{"line":310,"column":8},"end":{"line":310,"column":37}},"127":{"start":{"line":312,"column":8},"end":{"line":314,"column":9}},"128":{"start":{"line":313,"column":12},"end":{"line":313,"column":90}},"129":{"start":{"line":316,"column":8},"end":{"line":320,"column":11}},"130":{"start":{"line":322,"column":8},"end":{"line":322,"column":45}},"131":{"start":{"line":326,"column":22},"end":{"line":349,"column":1}},"132":{"start":{"line":327,"column":4},"end":{"line":348,"column":5}},"133":{"start":{"line":328,"column":24},"end":{"line":328,"column":61}},"134":{"start":{"line":330,"column":8},"end":{"line":332,"column":9}},"135":{"start":{"line":331,"column":12},"end":{"line":331,"column":82}},"136":{"start":{"line":334,"column":8},"end":{"line":338,"column":11}},"137":{"start":{"line":340,"column":8},"end":{"line":345,"column":11}},"138":{"start":{"line":347,"column":8},"end":{"line":347,"column":45}},"139":{"start":{"line":351,"column":22},"end":{"line":408,"column":1}},"140":{"start":{"line":361,"column":8},"end":{"line":361,"column":16}},"141":{"start":{"line":363,"column":22},"end":{"line":363,"column":31}},"142":{"start":{"line":366,"column":19},"end":{"line":366,"column":51}},"143":{"start":{"line":367,"column":4},"end":{"line":369,"column":5}},"144":{"start":{"line":368,"column":8},"end":{"line":368,"column":59}},"145":{"start":{"line":372,"column":17},"end":{"line":372,"column":45}},"146":{"start":{"line":373,"column":4},"end":{"line":375,"column":5}},"147":{"start":{"line":374,"column":8},"end":{"line":374,"column":57}},"148":{"start":{"line":383,"column":4},"end":{"line":407,"column":5}},"149":{"start":{"line":384,"column":27},"end":{"line":395,"column":10}},"150":{"start":{"line":398,"column":8},"end":{"line":404,"column":11}},"151":{"start":{"line":406,"column":8},"end":{"line":406,"column":47}},"152":{"start":{"line":410,"column":22},"end":{"line":474,"column":1}},"153":{"start":{"line":421,"column":8},"end":{"line":421,"column":16}},"154":{"start":{"line":423,"column":4},"end":{"line":473,"column":5}},"155":{"start":{"line":426,"column":23},"end":{"line":426,"column":55}},"156":{"start":{"line":427,"column":8},"end":{"line":429,"column":9}},"157":{"start":{"line":428,"column":12},"end":{"line":428,"column":63}},"158":{"start":{"line":432,"column":21},"end":{"line":432,"column":49}},"159":{"start":{"line":433,"column":8},"end":{"line":435,"column":9}},"160":{"start":{"line":434,"column":12},"end":{"line":434,"column":61}},"161":{"start":{"line":444,"column":8},"end":{"line":461,"column":10}},"162":{"start":{"line":463,"column":31},"end":{"line":463,"column":68}},"163":{"start":{"line":465,"column":8},"end":{"line":470,"column":11}},"164":{"start":{"line":472,"column":8},"end":{"line":472,"column":45}},"165":{"start":{"line":475,"column":0},"end":{"line":482,"column":1}}},"fnMap":{"0":{"name":"(anonymous_0)","decl":{"start":{"line":17,"column":20},"end":{"line":17,"column":21}},"loc":{"start":{"line":17,"column":46},"end":{"line":88,"column":1}},"line":17},"1":{"name":"(anonymous_1)","decl":{"start":{"line":89,"column":22},"end":{"line":89,"column":23}},"loc":{"start":{"line":89,"column":48},"end":{"line":148,"column":1}},"line":89},"2":{"name":"(anonymous_2)","decl":{"start":{"line":149,"column":23},"end":{"line":149,"column":24}},"loc":{"start":{"line":149,"column":49},"end":{"line":255,"column":1}},"line":149},"3":{"name":"(anonymous_3)","decl":{"start":{"line":211,"column":39},"end":{"line":211,"column":40}},"loc":{"start":{"line":211,"column":48},"end":{"line":211,"column":70}},"line":211},"4":{"name":"(anonymous_4)","decl":{"start":{"line":256,"column":23},"end":{"line":256,"column":24}},"loc":{"start":{"line":256,"column":49},"end":{"line":324,"column":1}},"line":256},"5":{"name":"(anonymous_5)","decl":{"start":{"line":326,"column":22},"end":{"line":326,"column":23}},"loc":{"start":{"line":326,"column":48},"end":{"line":349,"column":1}},"line":326},"6":{"name":"(anonymous_6)","decl":{"start":{"line":351,"column":22},"end":{"line":351,"column":23}},"loc":{"start":{"line":351,"column":48},"end":{"line":408,"column":1}},"line":351},"7":{"name":"(anonymous_7)","decl":{"start":{"line":410,"column":22},"end":{"line":410,"column":23}},"loc":{"start":{"line":410,"column":48},"end":{"line":474,"column":1}},"line":410}},"branchMap":{"0":{"loc":{"start":{"line":34,"column":24},"end":{"line":34,"column":43}},"type":"binary-expr","locations":[{"start":{"line":34,"column":24},"end":{"line":34,"column":38}},{"start":{"line":34,"column":42},"end":{"line":34,"column":43}}],"line":34},"1":{"loc":{"start":{"line":35,"column":26},"end":{"line":35,"column":47}},"type":"binary-expr","locations":[{"start":{"line":35,"column":26},"end":{"line":35,"column":41}},{"start":{"line":35,"column":45},"end":{"line":35,"column":47}}],"line":35},"2":{"loc":{"start":{"line":39,"column":8},"end":{"line":39,"column":66}},"type":"if","locations":[{"start":{"line":39,"column":8},"end":{"line":39,"column":66}},{"start":{},"end":{}}],"line":39},"3":{"loc":{"start":{"line":40,"column":8},"end":{"line":40,"column":51}},"type":"if","locations":[{"start":{"line":40,"column":8},"end":{"line":40,"column":51}},{"start":{},"end":{}}],"line":40},"4":{"loc":{"start":{"line":41,"column":8},"end":{"line":41,"column":60}},"type":"if","locations":[{"start":{"line":41,"column":8},"end":{"line":41,"column":60}},{"start":{},"end":{}}],"line":41},"5":{"loc":{"start":{"line":42,"column":8},"end":{"line":42,"column":57}},"type":"if","locations":[{"start":{"line":42,"column":8},"end":{"line":42,"column":57}},{"start":{},"end":{}}],"line":42},"6":{"loc":{"start":{"line":43,"column":8},"end":{"line":43,"column":66}},"type":"if","locations":[{"start":{"line":43,"column":8},"end":{"line":43,"column":66}},{"start":{},"end":{}}],"line":43},"7":{"loc":{"start":{"line":44,"column":8},"end":{"line":44,"column":103}},"type":"if","locations":[{"start":{"line":44,"column":8},"end":{"line":44,"column":103}},{"start":{},"end":{}}],"line":44},"8":{"loc":{"start":{"line":45,"column":8},"end":{"line":45,"column":66}},"type":"if","locations":[{"start":{"line":45,"column":8},"end":{"line":45,"column":66}},{"start":{},"end":{}}],"line":45},"9":{"loc":{"start":{"line":46,"column":8},"end":{"line":46,"column":47}},"type":"if","locations":[{"start":{"line":46,"column":8},"end":{"line":46,"column":47}},{"start":{},"end":{}}],"line":46},"10":{"loc":{"start":{"line":47,"column":8},"end":{"line":47,"column":86}},"type":"if","locations":[{"start":{"line":47,"column":8},"end":{"line":47,"column":86}},{"start":{},"end":{}}],"line":47},"11":{"loc":{"start":{"line":49,"column":8},"end":{"line":60,"column":9}},"type":"if","locations":[{"start":{"line":49,"column":8},"end":{"line":60,"column":9}},{"start":{},"end":{}}],"line":49},"12":{"loc":{"start":{"line":94,"column":8},"end":{"line":98,"column":9}},"type":"if","locations":[{"start":{"line":94,"column":8},"end":{"line":98,"column":9}},{"start":{},"end":{}}],"line":94},"13":{"loc":{"start":{"line":99,"column":24},"end":{"line":99,"column":43}},"type":"binary-expr","locations":[{"start":{"line":99,"column":24},"end":{"line":99,"column":38}},{"start":{"line":99,"column":42},"end":{"line":99,"column":43}}],"line":99},"14":{"loc":{"start":{"line":100,"column":26},"end":{"line":100,"column":47}},"type":"binary-expr","locations":[{"start":{"line":100,"column":26},"end":{"line":100,"column":41}},{"start":{"line":100,"column":45},"end":{"line":100,"column":47}}],"line":100},"15":{"loc":{"start":{"line":154,"column":8},"end":{"line":154,"column":32}},"type":"if","locations":[{"start":{"line":154,"column":8},"end":{"line":154,"column":32}},{"start":{},"end":{}}],"line":154},"16":{"loc":{"start":{"line":156,"column":8},"end":{"line":161,"column":9}},"type":"if","locations":[{"start":{"line":156,"column":8},"end":{"line":161,"column":9}},{"start":{},"end":{}}],"line":156},"17":{"loc":{"start":{"line":162,"column":8},"end":{"line":169,"column":9}},"type":"if","locations":[{"start":{"line":162,"column":8},"end":{"line":169,"column":9}},{"start":{},"end":{}}],"line":162},"18":{"loc":{"start":{"line":170,"column":24},"end":{"line":170,"column":43}},"type":"binary-expr","locations":[{"start":{"line":170,"column":24},"end":{"line":170,"column":38}},{"start":{"line":170,"column":42},"end":{"line":170,"column":43}}],"line":170},"19":{"loc":{"start":{"line":171,"column":26},"end":{"line":171,"column":47}},"type":"binary-expr","locations":[{"start":{"line":171,"column":26},"end":{"line":171,"column":41}},{"start":{"line":171,"column":45},"end":{"line":171,"column":47}}],"line":171},"20":{"loc":{"start":{"line":210,"column":8},"end":{"line":210,"column":111}},"type":"if","locations":[{"start":{"line":210,"column":8},"end":{"line":210,"column":111}},{"start":{},"end":{}}],"line":210},"21":{"loc":{"start":{"line":210,"column":12},"end":{"line":210,"column":52}},"type":"binary-expr","locations":[{"start":{"line":210,"column":12},"end":{"line":210,"column":24}},{"start":{"line":210,"column":28},"end":{"line":210,"column":52}}],"line":210},"22":{"loc":{"start":{"line":220,"column":16},"end":{"line":229,"column":17}},"type":"if","locations":[{"start":{"line":220,"column":16},"end":{"line":229,"column":17}},{"start":{"line":223,"column":23},"end":{"line":229,"column":17}}],"line":220},"23":{"loc":{"start":{"line":223,"column":23},"end":{"line":229,"column":17}},"type":"if","locations":[{"start":{"line":223,"column":23},"end":{"line":229,"column":17}},{"start":{"line":226,"column":23},"end":{"line":229,"column":17}}],"line":223},"24":{"loc":{"start":{"line":226,"column":23},"end":{"line":229,"column":17}},"type":"if","locations":[{"start":{"line":226,"column":23},"end":{"line":229,"column":17}},{"start":{},"end":{}}],"line":226},"25":{"loc":{"start":{"line":297,"column":12},"end":{"line":306,"column":13}},"type":"if","locations":[{"start":{"line":297,"column":12},"end":{"line":306,"column":13}},{"start":{"line":300,"column":19},"end":{"line":306,"column":13}}],"line":297},"26":{"loc":{"start":{"line":300,"column":19},"end":{"line":306,"column":13}},"type":"if","locations":[{"start":{"line":300,"column":19},"end":{"line":306,"column":13}},{"start":{"line":303,"column":19},"end":{"line":306,"column":13}}],"line":300},"27":{"loc":{"start":{"line":303,"column":19},"end":{"line":306,"column":13}},"type":"if","locations":[{"start":{"line":303,"column":19},"end":{"line":306,"column":13}},{"start":{},"end":{}}],"line":303},"28":{"loc":{"start":{"line":312,"column":8},"end":{"line":314,"column":9}},"type":"if","locations":[{"start":{"line":312,"column":8},"end":{"line":314,"column":9}},{"start":{},"end":{}}],"line":312},"29":{"loc":{"start":{"line":330,"column":8},"end":{"line":332,"column":9}},"type":"if","locations":[{"start":{"line":330,"column":8},"end":{"line":332,"column":9}},{"start":{},"end":{}}],"line":330},"30":{"loc":{"start":{"line":367,"column":4},"end":{"line":369,"column":5}},"type":"if","locations":[{"start":{"line":367,"column":4},"end":{"line":369,"column":5}},{"start":{},"end":{}}],"line":367},"31":{"loc":{"start":{"line":373,"column":4},"end":{"line":375,"column":5}},"type":"if","locations":[{"start":{"line":373,"column":4},"end":{"line":375,"column":5}},{"start":{},"end":{}}],"line":373},"32":{"loc":{"start":{"line":427,"column":8},"end":{"line":429,"column":9}},"type":"if","locations":[{"start":{"line":427,"column":8},"end":{"line":429,"column":9}},{"start":{},"end":{}}],"line":427},"33":{"loc":{"start":{"line":433,"column":8},"end":{"line":435,"column":9}},"type":"if","locations":[{"start":{"line":433,"column":8},"end":{"line":435,"column":9}},{"start":{},"end":{}}],"line":433}},"s":{"0":2,"1":2,"2":2,"3":2,"4":2,"5":2,"6":2,"7":2,"8":2,"9":2,"10":2,"11":2,"12":0,"13":0,"14":0,"15":0,"16":0,"17":0,"18":0,"19":0,"20":0,"21":0,"22":0,"23":0,"24":0,"25":0,"26":0,"27":0,"28":0,"29":0,"30":0,"31":0,"32":0,"33":0,"34":0,"35":0,"36":0,"37":0,"38":0,"39":0,"40":0,"41":0,"42":0,"43":2,"44":0,"45":0,"46":0,"47":0,"48":0,"49":0,"50":0,"51":0,"52":0,"53":0,"54":0,"55":2,"56":0,"57":0,"58":0,"59":0,"60":0,"61":0,"62":0,"63":0,"64":0,"65":0,"66":0,"67":0,"68":0,"69":0,"70":0,"71":0,"72":0,"73":0,"74":0,"75":0,"76":0,"77":0,"78":0,"79":0,"80":0,"81":0,"82":0,"83":0,"84":0,"85":0,"86":0,"87":0,"88":0,"89":0,"90":0,"91":0,"92":0,"93":0,"94":0,"95":0,"96":0,"97":0,"98":0,"99":0,"100":0,"101":0,"102":0,"103":2,"104":0,"105":0,"106":0,"107":0,"108":0,"109":0,"110":0,"111":0,"112":0,"113":0,"114":0,"115":0,"116":0,"117":0,"118":0,"119":0,"120":0,"121":0,"122":0,"123":0,"124":0,"125":0,"126":0,"127":0,"128":0,"129":0,"130":0,"131":2,"132":0,"133":0,"134":0,"135":0,"136":0,"137":0,"138":0,"139":2,"140":0,"141":0,"142":0,"143":0,"144":0,"145":0,"146":0,"147":0,"148":0,"149":0,"150":0,"151":0,"152":2,"153":0,"154":0,"155":0,"156":0,"157":0,"158":0,"159":0,"160":0,"161":0,"162":0,"163":0,"164":0,"165":2},"f":{"0":0,"1":0,"2":0,"3":0,"4":0,"5":0,"6":0,"7":0},"b":{"0":[0,0],"1":[0,0],"2":[0,0],"3":[0,0],"4":[0,0],"5":[0,0],"6":[0,0],"7":[0,0],"8":[0,0],"9":[0,0],"10":[0,0],"11":[0,0],"12":[0,0],"13":[0,0],"14":[0,0],"15":[0,0],"16":[0,0],"17":[0,0],"18":[0,0],"19":[0,0],"20":[0,0],"21":[0,0],"22":[0,0],"23":[0,0],"24":[0,0],"25":[0,0],"26":[0,0],"27":[0,0],"28":[0,0],"29":[0,0],"30":[0,0],"31":[0,0],"32":[0,0],"33":[0,0]},"_coverageSchema":"1a1c01bbd47fc00a2c39e90264f33305004495a9","hash":"486ef322d940edec63770b86f0e6c5474227d0e3"}
,"D:\\KULIAH\\KITCHEN\\Kelompok3-Backend-Final_Project\\controllers\\FlightController.js": {"path":"D:\\KULIAH\\KITCHEN\\Kelompok3-Backend-Final_Project\\controllers\\FlightController.js","statementMap":{"0":{"start":{"line":1,"column":17},"end":{"line":1,"column":45}},"1":{"start":{"line":2,"column":13},"end":{"line":2,"column":28}},"2":{"start":{"line":3,"column":15},"end":{"line":3,"column":35}},"3":{"start":{"line":5,"column":44},"end":{"line":5,"column":64}},"4":{"start":{"line":6,"column":18},"end":{"line":6,"column":36}},"5":{"start":{"line":7,"column":34},"end":{"line":7,"column":54}},"6":{"start":{"line":8,"column":16},"end":{"line":8,"column":44}},"7":{"start":{"line":9,"column":0},"end":{"line":9,"column":27}},"8":{"start":{"line":11,"column":18},"end":{"line":17,"column":2}},"9":{"start":{"line":18,"column":21},"end":{"line":92,"column":1}},"10":{"start":{"line":33,"column":8},"end":{"line":33,"column":16}},"11":{"start":{"line":34,"column":21},"end":{"line":34,"column":30}},"12":{"start":{"line":36,"column":4},"end":{"line":91,"column":5}},"13":{"start":{"line":42,"column":33},"end":{"line":42,"column":101}},"14":{"start":{"line":43,"column":32},"end":{"line":43,"column":98}},"15":{"start":{"line":44,"column":24},"end":{"line":44,"column":88}},"16":{"start":{"line":46,"column":8},"end":{"line":48,"column":9}},"17":{"start":{"line":47,"column":12},"end":{"line":47,"column":74}},"18":{"start":{"line":49,"column":8},"end":{"line":51,"column":9}},"19":{"start":{"line":50,"column":12},"end":{"line":50,"column":73}},"20":{"start":{"line":52,"column":8},"end":{"line":54,"column":9}},"21":{"start":{"line":53,"column":12},"end":{"line":53,"column":64}},"22":{"start":{"line":62,"column":23},"end":{"line":79,"column":10}},"23":{"start":{"line":81,"column":8},"end":{"line":88,"column":11}},"24":{"start":{"line":90,"column":8},"end":{"line":90,"column":47}},"25":{"start":{"line":94,"column":22},"end":{"line":194,"column":1}},"26":{"start":{"line":95,"column":4},"end":{"line":193,"column":5}},"27":{"start":{"line":108,"column":22},"end":{"line":108,"column":31}},"28":{"start":{"line":111,"column":24},"end":{"line":111,"column":43}},"29":{"start":{"line":112,"column":25},"end":{"line":112,"column":46}},"30":{"start":{"line":113,"column":23},"end":{"line":113,"column":47}},"31":{"start":{"line":114,"column":31},"end":{"line":114,"column":55}},"32":{"start":{"line":117,"column":23},"end":{"line":126,"column":24}},"33":{"start":{"line":129,"column":8},"end":{"line":129,"column":95}},"34":{"start":{"line":129,"column":31},"end":{"line":129,"column":95}},"35":{"start":{"line":130,"column":8},"end":{"line":130,"column":86}},"36":{"start":{"line":130,"column":28},"end":{"line":130,"column":86}},"37":{"start":{"line":131,"column":8},"end":{"line":131,"column":89}},"38":{"start":{"line":131,"column":29},"end":{"line":131,"column":89}},"39":{"start":{"line":133,"column":8},"end":{"line":133,"column":74}},"40":{"start":{"line":133,"column":24},"end":{"line":133,"column":74}},"41":{"start":{"line":134,"column":8},"end":{"line":134,"column":80}},"42":{"start":{"line":134,"column":26},"end":{"line":134,"column":80}},"43":{"start":{"line":137,"column":8},"end":{"line":137,"column":82}},"44":{"start":{"line":137,"column":28},"end":{"line":137,"column":82}},"45":{"start":{"line":138,"column":8},"end":{"line":138,"column":77}},"46":{"start":{"line":138,"column":28},"end":{"line":138,"column":77}},"47":{"start":{"line":139,"column":8},"end":{"line":139,"column":73}},"48":{"start":{"line":139,"column":26},"end":{"line":139,"column":73}},"49":{"start":{"line":140,"column":8},"end":{"line":140,"column":52}},"50":{"start":{"line":141,"column":8},"end":{"line":145,"column":9}},"51":{"start":{"line":142,"column":12},"end":{"line":142,"column":57}},"52":{"start":{"line":143,"column":15},"end":{"line":145,"column":9}},"53":{"start":{"line":144,"column":12},"end":{"line":144,"column":58}},"54":{"start":{"line":146,"column":8},"end":{"line":150,"column":9}},"55":{"start":{"line":147,"column":12},"end":{"line":147,"column":48}},"56":{"start":{"line":148,"column":15},"end":{"line":150,"column":9}},"57":{"start":{"line":149,"column":12},"end":{"line":149,"column":49}},"58":{"start":{"line":152,"column":24},"end":{"line":152,"column":84}},"59":{"start":{"line":153,"column":8},"end":{"line":155,"column":11}},"60":{"start":{"line":154,"column":12},"end":{"line":154,"column":129}},"61":{"start":{"line":154,"column":73},"end":{"line":154,"column":117}},"62":{"start":{"line":157,"column":8},"end":{"line":167,"column":9}},"63":{"start":{"line":158,"column":12},"end":{"line":166,"column":15}},"64":{"start":{"line":169,"column":27},"end":{"line":169,"column":41}},"65":{"start":{"line":170,"column":27},"end":{"line":170,"column":59}},"66":{"start":{"line":173,"column":33},"end":{"line":173,"column":73}},"67":{"start":{"line":176,"column":8},"end":{"line":189,"column":11}},"68":{"start":{"line":191,"column":8},"end":{"line":191,"column":27}},"69":{"start":{"line":192,"column":8},"end":{"line":192,"column":47}},"70":{"start":{"line":197,"column":22},"end":{"line":238,"column":1}},"71":{"start":{"line":198,"column":4},"end":{"line":237,"column":5}},"72":{"start":{"line":199,"column":23},"end":{"line":220,"column":10}},"73":{"start":{"line":223,"column":8},"end":{"line":225,"column":9}},"74":{"start":{"line":224,"column":12},"end":{"line":224,"column":89}},"75":{"start":{"line":227,"column":8},"end":{"line":234,"column":11}},"76":{"start":{"line":236,"column":8},"end":{"line":236,"column":45}},"77":{"start":{"line":240,"column":21},"end":{"line":266,"column":1}},"78":{"start":{"line":241,"column":4},"end":{"line":265,"column":5}},"79":{"start":{"line":242,"column":23},"end":{"line":242,"column":59}},"80":{"start":{"line":245,"column":8},"end":{"line":247,"column":9}},"81":{"start":{"line":246,"column":12},"end":{"line":246,"column":88}},"82":{"start":{"line":249,"column":8},"end":{"line":253,"column":11}},"83":{"start":{"line":255,"column":8},"end":{"line":262,"column":11}},"84":{"start":{"line":264,"column":8},"end":{"line":264,"column":45}},"85":{"start":{"line":268,"column":21},"end":{"line":364,"column":1}},"86":{"start":{"line":283,"column":8},"end":{"line":283,"column":16}},"87":{"start":{"line":285,"column":4},"end":{"line":363,"column":5}},"88":{"start":{"line":286,"column":23},"end":{"line":286,"column":59}},"89":{"start":{"line":289,"column":8},"end":{"line":291,"column":9}},"90":{"start":{"line":290,"column":12},"end":{"line":290,"column":88}},"91":{"start":{"line":294,"column":33},"end":{"line":294,"column":77}},"92":{"start":{"line":295,"column":32},"end":{"line":295,"column":74}},"93":{"start":{"line":296,"column":24},"end":{"line":296,"column":58}},"94":{"start":{"line":298,"column":8},"end":{"line":300,"column":9}},"95":{"start":{"line":299,"column":12},"end":{"line":299,"column":74}},"96":{"start":{"line":301,"column":8},"end":{"line":303,"column":9}},"97":{"start":{"line":302,"column":12},"end":{"line":302,"column":73}},"98":{"start":{"line":304,"column":8},"end":{"line":306,"column":9}},"99":{"start":{"line":305,"column":12},"end":{"line":305,"column":64}},"100":{"start":{"line":309,"column":8},"end":{"line":332,"column":10}},"101":{"start":{"line":334,"column":30},"end":{"line":353,"column":9}},"102":{"start":{"line":355,"column":8},"end":{"line":360,"column":11}},"103":{"start":{"line":362,"column":8},"end":{"line":362,"column":45}},"104":{"start":{"line":366,"column":28},"end":{"line":466,"column":1}},"105":{"start":{"line":367,"column":4},"end":{"line":465,"column":5}},"106":{"start":{"line":368,"column":34},"end":{"line":454,"column":9}},"107":{"start":{"line":456,"column":8},"end":{"line":461,"column":11}},"108":{"start":{"line":463,"column":8},"end":{"line":463,"column":26}},"109":{"start":{"line":464,"column":8},"end":{"line":464,"column":46}},"110":{"start":{"line":469,"column":28},"end":{"line":483,"column":1}},"111":{"start":{"line":476,"column":8},"end":{"line":476,"column":14}},"112":{"start":{"line":478,"column":4},"end":{"line":478,"column":86}},"113":{"start":{"line":478,"column":39},"end":{"line":478,"column":86}},"114":{"start":{"line":479,"column":4},"end":{"line":479,"column":89}},"115":{"start":{"line":479,"column":41},"end":{"line":479,"column":89}},"116":{"start":{"line":480,"column":4},"end":{"line":480,"column":112}},"117":{"start":{"line":480,"column":61},"end":{"line":480,"column":112}},"118":{"start":{"line":481,"column":4},"end":{"line":481,"column":111}},"119":{"start":{"line":481,"column":61},"end":{"line":481,"column":111}},"120":{"start":{"line":482,"column":4},"end":{"line":482,"column":105}},"121":{"start":{"line":482,"column":57},"end":{"line":482,"column":105}},"122":{"start":{"line":484,"column":0},"end":{"line":491,"column":2}}},"fnMap":{"0":{"name":"(anonymous_0)","decl":{"start":{"line":18,"column":21},"end":{"line":18,"column":22}},"loc":{"start":{"line":18,"column":47},"end":{"line":92,"column":1}},"line":18},"1":{"name":"(anonymous_1)","decl":{"start":{"line":94,"column":22},"end":{"line":94,"column":23}},"loc":{"start":{"line":94,"column":48},"end":{"line":194,"column":1}},"line":94},"2":{"name":"(anonymous_2)","decl":{"start":{"line":153,"column":24},"end":{"line":153,"column":25}},"loc":{"start":{"line":153,"column":34},"end":{"line":155,"column":9}},"line":153},"3":{"name":"(anonymous_3)","decl":{"start":{"line":154,"column":65},"end":{"line":154,"column":66}},"loc":{"start":{"line":154,"column":73},"end":{"line":154,"column":117}},"line":154},"4":{"name":"(anonymous_4)","decl":{"start":{"line":197,"column":22},"end":{"line":197,"column":23}},"loc":{"start":{"line":197,"column":48},"end":{"line":238,"column":1}},"line":197},"5":{"name":"(anonymous_5)","decl":{"start":{"line":240,"column":21},"end":{"line":240,"column":22}},"loc":{"start":{"line":240,"column":47},"end":{"line":266,"column":1}},"line":240},"6":{"name":"(anonymous_6)","decl":{"start":{"line":268,"column":21},"end":{"line":268,"column":22}},"loc":{"start":{"line":268,"column":47},"end":{"line":364,"column":1}},"line":268},"7":{"name":"(anonymous_7)","decl":{"start":{"line":366,"column":28},"end":{"line":366,"column":29}},"loc":{"start":{"line":366,"column":54},"end":{"line":466,"column":1}},"line":366},"8":{"name":"(anonymous_8)","decl":{"start":{"line":469,"column":28},"end":{"line":469,"column":29}},"loc":{"start":{"line":469,"column":40},"end":{"line":483,"column":1}},"line":469}},"branchMap":{"0":{"loc":{"start":{"line":46,"column":8},"end":{"line":48,"column":9}},"type":"if","locations":[{"start":{"line":46,"column":8},"end":{"line":48,"column":9}},{"start":{},"end":{}}],"line":46},"1":{"loc":{"start":{"line":49,"column":8},"end":{"line":51,"column":9}},"type":"if","locations":[{"start":{"line":49,"column":8},"end":{"line":51,"column":9}},{"start":{},"end":{}}],"line":49},"2":{"loc":{"start":{"line":52,"column":8},"end":{"line":54,"column":9}},"type":"if","locations":[{"start":{"line":52,"column":8},"end":{"line":54,"column":9}},{"start":{},"end":{}}],"line":52},"3":{"loc":{"start":{"line":111,"column":24},"end":{"line":111,"column":43}},"type":"binary-expr","locations":[{"start":{"line":111,"column":24},"end":{"line":111,"column":38}},{"start":{"line":111,"column":42},"end":{"line":111,"column":43}}],"line":111},"4":{"loc":{"start":{"line":112,"column":25},"end":{"line":112,"column":46}},"type":"binary-expr","locations":[{"start":{"line":112,"column":25},"end":{"line":112,"column":40}},{"start":{"line":112,"column":44},"end":{"line":112,"column":46}}],"line":112},"5":{"loc":{"start":{"line":129,"column":8},"end":{"line":129,"column":95}},"type":"if","locations":[{"start":{"line":129,"column":8},"end":{"line":129,"column":95}},{"start":{},"end":{}}],"line":129},"6":{"loc":{"start":{"line":130,"column":8},"end":{"line":130,"column":86}},"type":"if","locations":[{"start":{"line":130,"column":8},"end":{"line":130,"column":86}},{"start":{},"end":{}}],"line":130},"7":{"loc":{"start":{"line":131,"column":8},"end":{"line":131,"column":89}},"type":"if","locations":[{"start":{"line":131,"column":8},"end":{"line":131,"column":89}},{"start":{},"end":{}}],"line":131},"8":{"loc":{"start":{"line":133,"column":8},"end":{"line":133,"column":74}},"type":"if","locations":[{"start":{"line":133,"column":8},"end":{"line":133,"column":74}},{"start":{},"end":{}}],"line":133},"9":{"loc":{"start":{"line":134,"column":8},"end":{"line":134,"column":80}},"type":"if","locations":[{"start":{"line":134,"column":8},"end":{"line":134,"column":80}},{"start":{},"end":{}}],"line":134},"10":{"loc":{"start":{"line":137,"column":8},"end":{"line":137,"column":82}},"type":"if","locations":[{"start":{"line":137,"column":8},"end":{"line":137,"column":82}},{"start":{},"end":{}}],"line":137},"11":{"loc":{"start":{"line":138,"column":8},"end":{"line":138,"column":77}},"type":"if","locations":[{"start":{"line":138,"column":8},"end":{"line":138,"column":77}},{"start":{},"end":{}}],"line":138},"12":{"loc":{"start":{"line":139,"column":8},"end":{"line":139,"column":73}},"type":"if","locations":[{"start":{"line":139,"column":8},"end":{"line":139,"column":73}},{"start":{},"end":{}}],"line":139},"13":{"loc":{"start":{"line":141,"column":8},"end":{"line":145,"column":9}},"type":"if","locations":[{"start":{"line":141,"column":8},"end":{"line":145,"column":9}},{"start":{"line":143,"column":15},"end":{"line":145,"column":9}}],"line":141},"14":{"loc":{"start":{"line":143,"column":15},"end":{"line":145,"column":9}},"type":"if","locations":[{"start":{"line":143,"column":15},"end":{"line":145,"column":9}},{"start":{},"end":{}}],"line":143},"15":{"loc":{"start":{"line":146,"column":8},"end":{"line":150,"column":9}},"type":"if","locations":[{"start":{"line":146,"column":8},"end":{"line":150,"column":9}},{"start":{"line":148,"column":15},"end":{"line":150,"column":9}}],"line":146},"16":{"loc":{"start":{"line":148,"column":15},"end":{"line":150,"column":9}},"type":"if","locations":[{"start":{"line":148,"column":15},"end":{"line":150,"column":9}},{"start":{},"end":{}}],"line":148},"17":{"loc":{"start":{"line":157,"column":8},"end":{"line":167,"column":9}},"type":"if","locations":[{"start":{"line":157,"column":8},"end":{"line":167,"column":9}},{"start":{},"end":{}}],"line":157},"18":{"loc":{"start":{"line":223,"column":8},"end":{"line":225,"column":9}},"type":"if","locations":[{"start":{"line":223,"column":8},"end":{"line":225,"column":9}},{"start":{},"end":{}}],"line":223},"19":{"loc":{"start":{"line":245,"column":8},"end":{"line":247,"column":9}},"type":"if","locations":[{"start":{"line":245,"column":8},"end":{"line":247,"column":9}},{"start":{},"end":{}}],"line":245},"20":{"loc":{"start":{"line":289,"column":8},"end":{"line":291,"column":9}},"type":"if","locations":[{"start":{"line":289,"column":8},"end":{"line":291,"column":9}},{"start":{},"end":{}}],"line":289},"21":{"loc":{"start":{"line":298,"column":8},"end":{"line":300,"column":9}},"type":"if","locations":[{"start":{"line":298,"column":8},"end":{"line":300,"column":9}},{"start":{},"end":{}}],"line":298},"22":{"loc":{"start":{"line":301,"column":8},"end":{"line":303,"column":9}},"type":"if","locations":[{"start":{"line":301,"column":8},"end":{"line":303,"column":9}},{"start":{},"end":{}}],"line":301},"23":{"loc":{"start":{"line":304,"column":8},"end":{"line":306,"column":9}},"type":"if","locations":[{"start":{"line":304,"column":8},"end":{"line":306,"column":9}},{"start":{},"end":{}}],"line":304},"24":{"loc":{"start":{"line":478,"column":4},"end":{"line":478,"column":86}},"type":"if","locations":[{"start":{"line":478,"column":4},"end":{"line":478,"column":86}},{"start":{},"end":{}}],"line":478},"25":{"loc":{"start":{"line":478,"column":8},"end":{"line":478,"column":37}},"type":"binary-expr","locations":[{"start":{"line":478,"column":8},"end":{"line":478,"column":12}},{"start":{"line":478,"column":16},"end":{"line":478,"column":37}}],"line":478},"26":{"loc":{"start":{"line":479,"column":4},"end":{"line":479,"column":89}},"type":"if","locations":[{"start":{"line":479,"column":4},"end":{"line":479,"column":89}},{"start":{},"end":{}}],"line":479},"27":{"loc":{"start":{"line":479,"column":8},"end":{"line":479,"column":39}},"type":"binary-expr","locations":[{"start":{"line":479,"column":8},"end":{"line":479,"column":13}},{"start":{"line":479,"column":17},"end":{"line":479,"column":39}}],"line":479},"28":{"loc":{"start":{"line":480,"column":4},"end":{"line":480,"column":112}},"type":"if","locations":[{"start":{"line":480,"column":4},"end":{"line":480,"column":112}},{"start":{},"end":{}}],"line":480},"29":{"loc":{"start":{"line":480,"column":8},"end":{"line":480,"column":59}},"type":"binary-expr","locations":[{"start":{"line":480,"column":8},"end":{"line":480,"column":23}},{"start":{"line":480,"column":27},"end":{"line":480,"column":59}}],"line":480},"30":{"loc":{"start":{"line":481,"column":4},"end":{"line":481,"column":111}},"type":"if","locations":[{"start":{"line":481,"column":4},"end":{"line":481,"column":111}},{"start":{},"end":{}}],"line":481},"31":{"loc":{"start":{"line":481,"column":8},"end":{"line":481,"column":59}},"type":"binary-expr","locations":[{"start":{"line":481,"column":8},"end":{"line":481,"column":22}},{"start":{"line":481,"column":26},"end":{"line":481,"column":59}}],"line":481},"32":{"loc":{"start":{"line":482,"column":4},"end":{"line":482,"column":105}},"type":"if","locations":[{"start":{"line":482,"column":4},"end":{"line":482,"column":105}},{"start":{},"end":{}}],"line":482},"33":{"loc":{"start":{"line":482,"column":8},"end":{"line":482,"column":55}},"type":"binary-expr","locations":[{"start":{"line":482,"column":8},"end":{"line":482,"column":20}},{"start":{"line":482,"column":24},"end":{"line":482,"column":55}}],"line":482}},"s":{"0":2,"1":2,"2":2,"3":2,"4":2,"5":2,"6":2,"7":2,"8":2,"9":2,"10":0,"11":0,"12":0,"13":0,"14":0,"15":0,"16":0,"17":0,"18":0,"19":0,"20":0,"21":0,"22":0,"23":0,"24":0,"25":2,"26":0,"27":0,"28":0,"29":0,"30":0,"31":0,"32":0,"33":0,"34":0,"35":0,"36":0,"37":0,"38":0,"39":0,"40":0,"41":0,"42":0,"43":0,"44":0,"45":0,"46":0,"47":0,"48":0,"49":0,"50":0,"51":0,"52":0,"53":0,"54":0,"55":0,"56":0,"57":0,"58":0,"59":0,"60":0,"61":0,"62":0,"63":0,"64":0,"65":0,"66":0,"67":0,"68":0,"69":0,"70":2,"71":0,"72":0,"73":0,"74":0,"75":0,"76":0,"77":2,"78":0,"79":0,"80":0,"81":0,"82":0,"83":0,"84":0,"85":2,"86":0,"87":0,"88":0,"89":0,"90":0,"91":0,"92":0,"93":0,"94":0,"95":0,"96":0,"97":0,"98":0,"99":0,"100":0,"101":0,"102":0,"103":0,"104":2,"105":0,"106":0,"107":0,"108":0,"109":0,"110":2,"111":0,"112":0,"113":0,"114":0,"115":0,"116":0,"117":0,"118":0,"119":0,"120":0,"121":0,"122":2},"f":{"0":0,"1":0,"2":0,"3":0,"4":0,"5":0,"6":0,"7":0,"8":0},"b":{"0":[0,0],"1":[0,0],"2":[0,0],"3":[0,0],"4":[0,0],"5":[0,0],"6":[0,0],"7":[0,0],"8":[0,0],"9":[0,0],"10":[0,0],"11":[0,0],"12":[0,0],"13":[0,0],"14":[0,0],"15":[0,0],"16":[0,0],"17":[0,0],"18":[0,0],"19":[0,0],"20":[0,0],"21":[0,0],"22":[0,0],"23":[0,0],"24":[0,0],"25":[0,0],"26":[0,0],"27":[0,0],"28":[0,0],"29":[0,0],"30":[0,0],"31":[0,0],"32":[0,0],"33":[0,0]},"_coverageSchema":"1a1c01bbd47fc00a2c39e90264f33305004495a9","hash":"7ba62dda0cff58440b24545ac53db5e0599b4c20"}
,"D:\\KULIAH\\KITCHEN\\Kelompok3-Backend-Final_Project\\controllers\\NotificationController.js": {"path":"D:\\KULIAH\\KITCHEN\\Kelompok3-Backend-Final_Project\\controllers\\NotificationController.js","statementMap":{"0":{"start":{"line":1,"column":17},"end":{"line":1,"column":45}},"1":{"start":{"line":2,"column":13},"end":{"line":2,"column":28}},"2":{"start":{"line":3,"column":25},"end":{"line":3,"column":45}},"3":{"start":{"line":6,"column":27},"end":{"line":32,"column":1}},"4":{"start":{"line":7,"column":96},"end":{"line":7,"column":104}},"5":{"start":{"line":8,"column":26},"end":{"line":8,"column":35}},"6":{"start":{"line":9,"column":2},"end":{"line":31,"column":3}},"7":{"start":{"line":10,"column":28},"end":{"line":19,"column":6}},"8":{"start":{"line":21,"column":4},"end":{"line":28,"column":7}},"9":{"start":{"line":30,"column":4},"end":{"line":30,"column":38}},"10":{"start":{"line":34,"column":24},"end":{"line":55,"column":1}},"11":{"start":{"line":35,"column":2},"end":{"line":54,"column":3}},"12":{"start":{"line":36,"column":24},"end":{"line":36,"column":32}},"13":{"start":{"line":38,"column":25},"end":{"line":38,"column":84}},"14":{"start":{"line":40,"column":4},"end":{"line":42,"column":5}},"15":{"start":{"line":41,"column":6},"end":{"line":41,"column":57}},"16":{"start":{"line":44,"column":4},"end":{"line":51,"column":7}},"17":{"start":{"line":53,"column":4},"end":{"line":53,"column":38}},"18":{"start":{"line":57,"column":28},"end":{"line":76,"column":1}},"19":{"start":{"line":58,"column":2},"end":{"line":75,"column":3}},"20":{"start":{"line":59,"column":25},"end":{"line":59,"column":67}},"21":{"start":{"line":61,"column":4},"end":{"line":63,"column":5}},"22":{"start":{"line":62,"column":6},"end":{"line":62,"column":63}},"23":{"start":{"line":65,"column":4},"end":{"line":72,"column":7}},"24":{"start":{"line":74,"column":4},"end":{"line":74,"column":38}},"25":{"start":{"line":78,"column":33},"end":{"line":104,"column":1}},"26":{"start":{"line":79,"column":2},"end":{"line":102,"column":3}},"27":{"start":{"line":80,"column":15},"end":{"line":80,"column":28}},"28":{"start":{"line":81,"column":25},"end":{"line":81,"column":56}},"29":{"start":{"line":83,"column":4},"end":{"line":85,"column":5}},"30":{"start":{"line":84,"column":6},"end":{"line":84,"column":63}},"31":{"start":{"line":88,"column":4},"end":{"line":88,"column":32}},"32":{"start":{"line":89,"column":4},"end":{"line":89,"column":30}},"33":{"start":{"line":91,"column":4},"end":{"line":98,"column":6}},"34":{"start":{"line":101,"column":4},"end":{"line":101,"column":37}},"35":{"start":{"line":106,"column":0},"end":{"line":111,"column":2}}},"fnMap":{"0":{"name":"(anonymous_0)","decl":{"start":{"line":6,"column":27},"end":{"line":6,"column":28}},"loc":{"start":{"line":6,"column":53},"end":{"line":32,"column":1}},"line":6},"1":{"name":"(anonymous_1)","decl":{"start":{"line":34,"column":24},"end":{"line":34,"column":25}},"loc":{"start":{"line":34,"column":50},"end":{"line":55,"column":1}},"line":34},"2":{"name":"(anonymous_2)","decl":{"start":{"line":57,"column":28},"end":{"line":57,"column":29}},"loc":{"start":{"line":57,"column":54},"end":{"line":76,"column":1}},"line":57},"3":{"name":"(anonymous_3)","decl":{"start":{"line":78,"column":33},"end":{"line":78,"column":34}},"loc":{"start":{"line":78,"column":59},"end":{"line":104,"column":1}},"line":78}},"branchMap":{"0":{"loc":{"start":{"line":40,"column":4},"end":{"line":42,"column":5}},"type":"if","locations":[{"start":{"line":40,"column":4},"end":{"line":42,"column":5}},{"start":{},"end":{}}],"line":40},"1":{"loc":{"start":{"line":61,"column":4},"end":{"line":63,"column":5}},"type":"if","locations":[{"start":{"line":61,"column":4},"end":{"line":63,"column":5}},{"start":{},"end":{}}],"line":61},"2":{"loc":{"start":{"line":83,"column":4},"end":{"line":85,"column":5}},"type":"if","locations":[{"start":{"line":83,"column":4},"end":{"line":85,"column":5}},{"start":{},"end":{}}],"line":83}},"s":{"0":2,"1":2,"2":2,"3":2,"4":1,"5":1,"6":1,"7":1,"8":1,"9":0,"10":2,"11":0,"12":0,"13":0,"14":0,"15":0,"16":0,"17":0,"18":2,"19":1,"20":1,"21":1,"22":0,"23":1,"24":0,"25":2,"26":1,"27":1,"28":1,"29":1,"30":0,"31":1,"32":1,"33":1,"34":0,"35":2},"f":{"0":1,"1":0,"2":1,"3":1},"b":{"0":[0,0],"1":[0,1],"2":[0,1]},"_coverageSchema":"1a1c01bbd47fc00a2c39e90264f33305004495a9","hash":"76e14c7f4f41a0b30160c060a84764036289571c"}
,"D:\\KULIAH\\KITCHEN\\Kelompok3-Backend-Final_Project\\controllers\\OTPController.js": {"path":"D:\\KULIAH\\KITCHEN\\Kelompok3-Backend-Final_Project\\controllers\\OTPController.js","statementMap":{"0":{"start":{"line":1,"column":55},"end":{"line":1,"column":75}},"1":{"start":{"line":2,"column":17},"end":{"line":2,"column":45}},"2":{"start":{"line":3,"column":21},"end":{"line":3,"column":45}},"3":{"start":{"line":4,"column":36},"end":{"line":4,"column":66}},"4":{"start":{"line":5,"column":13},"end":{"line":5,"column":28}},"5":{"start":{"line":6,"column":15},"end":{"line":6,"column":32}},"6":{"start":{"line":9,"column":16},"end":{"line":43,"column":1}},"7":{"start":{"line":11,"column":4},"end":{"line":42,"column":5}},"8":{"start":{"line":12,"column":8},"end":{"line":12,"column":52}},"9":{"start":{"line":13,"column":20},"end":{"line":13,"column":33}},"10":{"start":{"line":15,"column":29},"end":{"line":27,"column":9}},"11":{"start":{"line":28,"column":28},"end":{"line":28,"column":38}},"12":{"start":{"line":30,"column":23},"end":{"line":35,"column":27}},"13":{"start":{"line":37,"column":8},"end":{"line":37,"column":35}},"14":{"start":{"line":40,"column":8},"end":{"line":40,"column":37}},"15":{"start":{"line":41,"column":8},"end":{"line":41,"column":61}},"16":{"start":{"line":44,"column":18},"end":{"line":97,"column":1}},"17":{"start":{"line":45,"column":4},"end":{"line":96,"column":5}},"18":{"start":{"line":46,"column":26},"end":{"line":46,"column":34}},"19":{"start":{"line":47,"column":21},"end":{"line":51,"column":10}},"20":{"start":{"line":53,"column":8},"end":{"line":55,"column":9}},"21":{"start":{"line":54,"column":12},"end":{"line":54,"column":99}},"22":{"start":{"line":56,"column":8},"end":{"line":58,"column":9}},"23":{"start":{"line":57,"column":12},"end":{"line":57,"column":70}},"24":{"start":{"line":60,"column":28},"end":{"line":60,"column":67}},"25":{"start":{"line":61,"column":8},"end":{"line":63,"column":9}},"26":{"start":{"line":62,"column":12},"end":{"line":62,"column":39}},"27":{"start":{"line":65,"column":22},"end":{"line":65,"column":31}},"28":{"start":{"line":66,"column":20},"end":{"line":66,"column":33}},"29":{"start":{"line":67,"column":23},"end":{"line":72,"column":10}},"30":{"start":{"line":73,"column":29},"end":{"line":85,"column":9}},"31":{"start":{"line":87,"column":8},"end":{"line":93,"column":11}},"32":{"start":{"line":95,"column":8},"end":{"line":95,"column":56}},"33":{"start":{"line":98,"column":20},"end":{"line":101,"column":1}},"34":{"start":{"line":100,"column":4},"end":{"line":100,"column":55}},"35":{"start":{"line":102,"column":26},"end":{"line":138,"column":1}},"36":{"start":{"line":104,"column":4},"end":{"line":137,"column":5}},"37":{"start":{"line":105,"column":8},"end":{"line":105,"column":52}},"38":{"start":{"line":107,"column":29},"end":{"line":119,"column":9}},"39":{"start":{"line":121,"column":28},"end":{"line":121,"column":38}},"40":{"start":{"line":122,"column":36},"end":{"line":122,"column":80}},"41":{"start":{"line":124,"column":33},"end":{"line":129,"column":27}},"42":{"start":{"line":131,"column":8},"end":{"line":131,"column":35}},"43":{"start":{"line":134,"column":8},"end":{"line":134,"column":35}},"44":{"start":{"line":136,"column":8},"end":{"line":136,"column":61}},"45":{"start":{"line":139,"column":19},"end":{"line":167,"column":1}},"46":{"start":{"line":140,"column":4},"end":{"line":166,"column":5}},"47":{"start":{"line":141,"column":26},"end":{"line":141,"column":34}},"48":{"start":{"line":143,"column":29},"end":{"line":154,"column":9}},"49":{"start":{"line":155,"column":8},"end":{"line":161,"column":11}},"50":{"start":{"line":163,"column":8},"end":{"line":163,"column":35}},"51":{"start":{"line":165,"column":8},"end":{"line":165,"column":61}},"52":{"start":{"line":168,"column":0},"end":{"line":170,"column":1}}},"fnMap":{"0":{"name":"(anonymous_0)","decl":{"start":{"line":9,"column":16},"end":{"line":9,"column":17}},"loc":{"start":{"line":9,"column":47},"end":{"line":43,"column":1}},"line":9},"1":{"name":"(anonymous_1)","decl":{"start":{"line":44,"column":18},"end":{"line":44,"column":19}},"loc":{"start":{"line":44,"column":44},"end":{"line":97,"column":1}},"line":44},"2":{"name":"(anonymous_2)","decl":{"start":{"line":98,"column":20},"end":{"line":98,"column":21}},"loc":{"start":{"line":98,"column":26},"end":{"line":101,"column":1}},"line":98},"3":{"name":"(anonymous_3)","decl":{"start":{"line":102,"column":26},"end":{"line":102,"column":27}},"loc":{"start":{"line":102,"column":70},"end":{"line":138,"column":1}},"line":102},"4":{"name":"(anonymous_4)","decl":{"start":{"line":139,"column":19},"end":{"line":139,"column":20}},"loc":{"start":{"line":139,"column":45},"end":{"line":167,"column":1}},"line":139}},"branchMap":{"0":{"loc":{"start":{"line":53,"column":8},"end":{"line":55,"column":9}},"type":"if","locations":[{"start":{"line":53,"column":8},"end":{"line":55,"column":9}},{"start":{},"end":{}}],"line":53},"1":{"loc":{"start":{"line":56,"column":8},"end":{"line":58,"column":9}},"type":"if","locations":[{"start":{"line":56,"column":8},"end":{"line":58,"column":9}},{"start":{},"end":{}}],"line":56},"2":{"loc":{"start":{"line":61,"column":8},"end":{"line":63,"column":9}},"type":"if","locations":[{"start":{"line":61,"column":8},"end":{"line":63,"column":9}},{"start":{},"end":{}}],"line":61}},"s":{"0":2,"1":2,"2":2,"3":2,"4":2,"5":2,"6":2,"7":0,"8":0,"9":0,"10":0,"11":0,"12":0,"13":0,"14":0,"15":0,"16":2,"17":0,"18":0,"19":0,"20":0,"21":0,"22":0,"23":0,"24":0,"25":0,"26":0,"27":0,"28":0,"29":0,"30":0,"31":0,"32":0,"33":2,"34":0,"35":2,"36":0,"37":0,"38":0,"39":0,"40":0,"41":0,"42":0,"43":0,"44":0,"45":2,"46":0,"47":0,"48":0,"49":0,"50":0,"51":0,"52":2},"f":{"0":0,"1":0,"2":0,"3":0,"4":0},"b":{"0":[0,0],"1":[0,0],"2":[0,0]},"_coverageSchema":"1a1c01bbd47fc00a2c39e90264f33305004495a9","hash":"216044ca4ea38c2ee6c901e4edf25ff4062563ad"}
,"D:\\KULIAH\\KITCHEN\\Kelompok3-Backend-Final_Project\\controllers\\PassengerController.js": {"path":"D:\\KULIAH\\KITCHEN\\Kelompok3-Backend-Final_Project\\controllers\\PassengerController.js","statementMap":{"0":{"start":{"line":1,"column":22},"end":{"line":1,"column":42}},"1":{"start":{"line":2,"column":17},"end":{"line":2,"column":45}},"2":{"start":{"line":3,"column":15},"end":{"line":3,"column":35}},"3":{"start":{"line":4,"column":23},"end":{"line":4,"column":38}},"4":{"start":{"line":6,"column":23},"end":{"line":80,"column":1}},"5":{"start":{"line":7,"column":2},"end":{"line":79,"column":3}},"6":{"start":{"line":20,"column":8},"end":{"line":20,"column":17}},"7":{"start":{"line":22,"column":20},"end":{"line":22,"column":39}},"8":{"start":{"line":23,"column":22},"end":{"line":23,"column":43}},"9":{"start":{"line":24,"column":19},"end":{"line":24,"column":44}},"10":{"start":{"line":26,"column":24},"end":{"line":26,"column":26}},"11":{"start":{"line":27,"column":4},"end":{"line":27,"column":70}},"12":{"start":{"line":27,"column":17},"end":{"line":27,"column":70}},"13":{"start":{"line":28,"column":4},"end":{"line":28,"column":41}},"14":{"start":{"line":28,"column":15},"end":{"line":28,"column":41}},"15":{"start":{"line":29,"column":4},"end":{"line":29,"column":79}},"16":{"start":{"line":29,"column":20},"end":{"line":29,"column":79}},"17":{"start":{"line":30,"column":4},"end":{"line":30,"column":76}},"18":{"start":{"line":30,"column":19},"end":{"line":30,"column":76}},"19":{"start":{"line":31,"column":4},"end":{"line":31,"column":64}},"20":{"start":{"line":31,"column":15},"end":{"line":31,"column":64}},"21":{"start":{"line":32,"column":4},"end":{"line":33,"column":69}},"22":{"start":{"line":33,"column":6},"end":{"line":33,"column":69}},"23":{"start":{"line":34,"column":4},"end":{"line":35,"column":69}},"24":{"start":{"line":35,"column":6},"end":{"line":35,"column":69}},"25":{"start":{"line":36,"column":4},"end":{"line":37,"column":75}},"26":{"start":{"line":37,"column":6},"end":{"line":37,"column":75}},"27":{"start":{"line":38,"column":4},"end":{"line":39,"column":67}},"28":{"start":{"line":39,"column":6},"end":{"line":39,"column":67}},"29":{"start":{"line":41,"column":4},"end":{"line":53,"column":5}},"30":{"start":{"line":42,"column":6},"end":{"line":52,"column":8}},"31":{"start":{"line":55,"column":40},"end":{"line":59,"column":6}},"32":{"start":{"line":61,"column":23},"end":{"line":61,"column":51}},"33":{"start":{"line":63,"column":4},"end":{"line":76,"column":7}},"34":{"start":{"line":78,"column":4},"end":{"line":78,"column":41}},"35":{"start":{"line":82,"column":26},"end":{"line":103,"column":1}},"36":{"start":{"line":
[...]
,"D:\\KULIAH\\KITCHEN\\Kelompok3-Backend-Final_Project\\routes\\flightRouter.js": {"path":"D:\\KULIAH\\KITCHEN\\Kelompok3-Backend-Final_Project\\routes\\flightRouter.js","statementMap":{"0":{"start":{"line":1,"column":15},"end":{"line":1,"column":42}},"1":{"start":{"line":3,"column":15},"end":{"line":3,"column":57}},"2":{"start":{"line":5,"column":0},"end":{"line":5,"column":44}},"3":{"start":{"line":6,"column":0},"end":{"line":6,"column":52}},"4":{"start":{"line":7,"column":0},"end":{"line":7,"column":38}},"5":{"start":{"line":8,"column":0},"end":{"line":8,"column":41}},"6":{"start":{"line":9,"column":0},"end":{"line":9,"column":43}},"7":{"start":{"line":10,"column":0},"end":{"line":10,"column":40}},"8":{"start":{"line":12,"column":0},"end":{"line":12,"column":24}}},"fnMap":{},"branchMap":{},"s":{"0":2,"1":2,"2":2,"3":2,"4":2,"5":2,"6":2,"7":2,"8":2},"f":{},"b":{},"_coverageSchema":"1a1c01bbd47fc00a2c39e90264f33305004495a9","hash":"8fe6c0197c190c3b7530ec0fbed8fc1a32bb481c"}
,"D:\\KULIAH\\KITCHEN\\Kelompok3-Backend-Final_Project\\routes\\index.js": {"path":"D:\\KULIAH\\KITCHEN\\Kelompok3-Backend-Final_Project\\routes\\index.js","statementMap":{"0":{"start":{"line":1,"column":15},"end":{"line":1,"column":42}},"1":{"start":{"line":2,"column":18},"end":{"line":2,"column":47}},"2":{"start":{"line":3,"column":24},"end":{"line":3,"column":55}},"3":{"start":{"line":5,"column":13},"end":{"line":5,"column":36}},"4":{"start":{"line":6,"column":15},"end":{"line":6,"column":40}},"5":{"start":{"line":7,"column":16},"end":{"line":7,"column":42}},"6":{"start":{"line":9,"column":16},"end":{"line":9,"column":42}},"7":{"start":{"line":10,"column":13},"end":{"line":10,"column":36}},"8":{"start":{"line":11,"column":18},"end":{"line":11,"column":46}},"9":{"start":{"line":12,"column":15},"end":{"line":12,"column":40}},"10":{"start":{"line":13,"column":16},"end":{"line":13,"column":42}},"11":{"start":{"line":14,"column":13},"end":{"line":14,"column":36}},"12":{"start":{"line":15,"column":21},"end":{"line":15,"column":52}},"13":{"start":{"line":16,"column":20},"end":{"line":16,"column":50}},"14":{"start":{"line":17,"column":22},"end":{"line":17,"column":54}},"15":{"start":{"line":18,"column":18},"end":{"line":18,"column":46}},"16":{"start":{"line":20,"column":0},"end":{"line":20,"column":41}},"17":{"start":{"line":21,"column":0},"end":{"line":21,"column":58}},"18":{"start":{"line":23,"column":0},"end":{"line":23,"column":33}},"19":{"start":{"line":24,"column":0},"end":{"line":24,"column":37}},"20":{"start":{"line":25,"column":0},"end":{"line":25,"column":39}},"21":{"start":{"line":26,"column":0},"end":{"line":26,"column":39}},"22":{"start":{"line":27,"column":0},"end":{"line":27,"column":33}},"23":{"start":{"line":28,"column":0},"end":{"line":28,"column":43}},"24":{"start":{"line":29,"column":0},"end":{"line":29,"column":37}},"25":{"start":{"line":30,"column":0},"end":{"line":30,"column":47}},"26":{"start":{"line":31,"column":0},"end":{"line":31,"column":33}},"27":{"start":{"line":32,"column":0},"end":{"line":32,"column":49}},"28":{"start":{"line":33,"column":0},"end":{"line":33,"column":39}},"29":{"start":{"line":34,"column":0},"end":{"line":34,"column":45}},"30":{"start":{"line":35,"column":0},"end":{"line":35,"column":43}},"31":{"start":{"line":38,"column":0},"end":{"line":38,"column":24}}},"fnMap":{},"branchMap":{},"s":{"0":2,"1":2,"2":2,"3":2,"4":2,"5":2,"6":2,"7":2,"8":2,"9":2,"10":2,"11":2,"12":2,"13":2,"14":2,"15":2,"16":2,"17":2,"18":2,"19":2,"20":2,"21":2,"22":2,"23":2,"24":2,"25":2,"26":2,"27":2,"28":2,"29":2,"30":2,"31":2},"f":{},"b":{},"_coverageSchema":"1a1c01bbd47fc00a2c39e90264f33305004495a9","hash":"7d3fff38ffe290c4a190ac1eab3d844b5c87634f"}
,"D:\\KULIAH\\KITCHEN\\Kelompok3-Backend-Final_Project\\routes\\notificationRoutes.js": {"path":"D:\\KULIAH\\KITCHEN\\Kelompok3-Backend-Final_Project\\routes\\notificationRoutes.js","statementMap":{"0":{"start":{"line":1,"column":15},"end":{"line":1,"column":42}},"1":{"start":{"line":2,"column":21},"end":{"line":2,"column":69}},"2":{"start":{"line":3,"column":21},"end":{"line":3,"column":59}},"3":{"start":{"line":5,"column":0},"end":{"line":5,"column":56}},"4":{"start":{"line":6,"column":0},"end":{"line":6,"column":60}},"5":{"start":{"line":7,"column":0},"end":{"line":7,"column":53}},"6":{"start":{"line":8,"column":0},"end":{"line":8,"column":60}},"7":{"start":{"line":11,"column":0},"end":{"line":11,"column":24}}},"fnMap":{},"branchMap":{},"s":{"0":2,"1":2,"2":2,"3":2,"4":2,"5":2,"6":2,"7":2},"f":{},"b":{},"_coverageSchema":"1a1c01bbd47fc00a2c39e90264f33305004495a9","hash":"abf76314525507ce734a439944f8a9c33a87a516"}
,"D:\\KULIAH\\KITCHEN\\Kelompok3-Backend-Final_Project\\routes\\passengerRouter.js": {"path":"D:\\KULIAH\\KITCHEN\\Kelompok3-Backend-Final_Project\\routes\\passengerRouter.js","statementMap":{"0":{"start":{"line":1,"column":15},"end":{"line":1,"column":42}},"1":{"start":{"line":3,"column":18},"end":{"line":3,"column":63}},"2":{"start":{"line":4,"column":21},"end":{"line":4,"column":59}},"3":{"start":{"line":6,"column":0},"end":{"line":6,"column":42}},"4":{"start":{"line":7,"column":0},"end":{"line":7,"column":57}},"5":{"start":{"line":8,"column":0},"end":{"line":8,"column":48}},"6":{"start":{"line":9,"column":0},"end":{"line":9,"column":62}},"7":{"start":{"line":10,"column":0},"end":{"line":10,"column":63}},"8":{"start":{"line":12,"column":0},"end":{"line":12,"column":24}}},"fnMap":{},"branchMap":{},"s":{"0":2,"1":2,"2":2,"3":2,"4":2,"5":2,"6":2,"7":2,"8":2},"f":{},"b":{},"_coverageSchema":"1a1c01bbd47fc00a2c39e90264f33305004495a9","hash":"f97d1c6bcfcc95544990e44e158eaf7cee471cc9"}
,"D:\\KULIAH\\KITCHEN\\Kelompok3-Backend-Final_Project\\routes\\promotionRouter.js": {"path":"D:\\KULIAH\\KITCHEN\\Kelompok3-Backend-Final_Project\\routes\\promotionRouter.js","statementMap":{"0":{"start":{"line":1,"column":15},"end":{"line":1,"column":42}},"1":{"start":{"line":3,"column":18},"end":{"line":3,"column":63}},"2":{"start":{"line":5,"column":0},"end":{"line":5,"column":50}},"3":{"start":{"line":6,"column":0},"end":{"line":6,"column":40}},"4":{"start":{"line":7,"column":0},"end":{"line":7,"column":49}},"5":{"start":{"line":8,"column":0},"end":{"line":8,"column":47}},"6":{"start":{"line":12,"column":0},"end":{"line":12,"column":24}}},"fnMap":{},"branchMap":{},"s":{"0":2,"1":2,"2":2,"3":2,"4":2,"5":2,"6":2},"f":{},"b":{},"_coverageSchema":"1a1c01bbd47fc00a2c39e90264f33305004495a9","hash":"7edd8df88183a660a27e4fa37d4d50b1a7dc310d"}
,"D:\\KULIAH\\KITCHEN\\Kelompok3-Backend-Final_Project\\routes\\searchHistoryRouter.js": {"path":"D:\\KULIAH\\KITCHEN\\Kelompok3-Backend-Final_Project\\routes\\searchHistoryRouter.js","statementMap":{"0":{"start":{"line":1,"column":15},"end":{"line":1,"column":42}},"1":{"start":{"line":3,"column":22},"end":{"line":3,"column":61}},"2":{"start":{"line":4,"column":21},"end":{"line":4,"column":59}},"3":{"start":{"line":6,"column":0},"end":{"line":6,"column":66}},"4":{"start":{"line":7,"column":0},"end":{"line":7,"column":67}},"5":{"start":{"line":8,"column":0},"end":{"line":8,"column":72}},"6":{"start":{"line":13,"column":0},"end":{"line":13,"column":24}}},"fnMap":{},"branchMap":{},"s":{"0":2,"1":2,"2":2,"3":2,"4":2,"5":2,"6":2},"f":{},"b":{},"_coverageSchema":"1a1c01bbd47fc00a2c39e90264f33305004495a9","hash":"8090c9e2bb0180e2f6f1036ca26c5b5760dfa818"}
,"D:\\KULIAH\\KITCHEN\\Kelompok3-Backend-Final_Project\\routes\\seatRoutes.js": {"path":"D:\\KULIAH\\KITCHEN\\Kelompok3-Backend-Final_Project\\routes\\seatRoutes.js","statementMap":{"0":{"start":{"line":1,"column":15},"end":{"line":1,"column":42}},"1":{"start":{"line":3,"column":13},"end":{"line":3,"column":53}},"2":{"start":{"line":5,"column":0},"end":{"line":5,"column":34}},"3":{"start":{"line":6,"column":0},"end":{"line":6,"column":37}},"4":{"start":{"line":7,"column":0},"end":{"line":7,"column":36}},"5":{"start":{"line":8,"column":0},"end":{"line":8,"column":39}},"6":{"start":{"line":9,"column":0},"end":{"line":9,"column":40}},"7":{"start":{"line":12,"column":0},"end":{"line":12,"column":24}}},"fnMap":{},"branchMap":{},"s":{"0":2,"1":2,"2":2,"3":2,"4":2,"5":2,"6":2,"7":2},"f":{},"b":{},"_coverageSchema":"1a1c01bbd47fc00a2c39e90264f33305004495a9","hash":"788300a14f808b0fdac98090f0bb7adc3b884352"}
,"D:\\KULIAH\\KITCHEN\\Kelompok3-Backend-Final_Project\\routes\\ticketRouter.js": {"path":"D:\\KULIAH\\KITCHEN\\Kelompok3-Backend-Final_Project\\routes\\ticketRouter.js","statementMap":{"0":{"start":{"line":1,"column":15},"end":{"line":1,"column":42}},"1":{"start":{"line":2,"column":15},"end":{"line":2,"column":57}},"2":{"start":{"line":3,"column":21},"end":{"line":3,"column":59}},"3":{"start":{"line":5,"column":0},"end":{"line":5,"column":65}},"4":{"start":{"line":6,"column":0},"end":{"line":6,"column":62}},"5":{"start":{"line":7,"column":0},"end":{"line":7,"column":38}},"6":{"start":{"line":8,"column":0},"end":{"line":8,"column":38}},"7":{"start":{"line":9,"column":0},"end":{"line":9,"column":41}},"8":{"start":{"line":10,"column":0},"end":{"line":10,"column":42}},"9":{"start":{"line":11,"column":0},"end":{"line":11,"column":43}},"10":{"start":{"line":14,"column":0},"end":{"line":14,"column":24}}},"fnMap":{},"branchMap":{},"s":{"0":2,"1":2,"2":2,"3":2,"4":2,"5":2,"6":2,"7":2,"8":2,"9":2,"10":2},"f":{},"b":{},"_coverageSchema":"1a1c01bbd47fc00a2c39e90264f33305004495a9","hash":"d5e5a4d2f1f7c55ed1530775a94a41973152d4b1"}
,"D:\\KULIAH\\KITCHEN\\Kelompok3-Backend-Final_Project\\routes\\transactionRouter.js": {"path":"D:\\KULIAH\\KITCHEN\\Kelompok3-Backend-Final_Project\\routes\\transactionRouter.js","statementMap":{"0":{"start":{"line":1,"column":20},"end":{"line":1,"column":67}},"1":{"start":{"line":2,"column":21},"end":{"line":2,"column":59}},"2":{"start":{"line":3,"column":15},"end":{"line":3,"column":42}},"3":{"start":{"line":5,"column":0},"end":{"line":5,"column":59}},"4":{"start":{"line":6,"column":0},"end":{"line":6,"column":79}},"5":{"start":{"line":7,"column":0},"end":{"line":7,"column":54}},"6":{"start":{"line":8,"column":0},"end":{"line":8,"column":62}},"7":{"start":{"line":10,"column":0},"end":{"line":10,"column":24}}},"fnMap":{},"branchMap":{},"s":{"0":2,"1":2,"2":2,"3":2,"4":2,"5":2,"6":2,"7":2},"f":{},"b":{},"_coverageSchema":"1a1c01bbd47fc00a2c39e90264f33305004495a9","hash":"54c27e1ffa6cbffba73dfdaffe18df19b1e457bd"}
,"D:\\KULIAH\\KITCHEN\\Kelompok3-Backend-Final_Project\\routes\\userRouter.js": {"path":"D:\\KULIAH\\KITCHEN\\Kelompok3-Backend-Final_Project\\routes\\userRouter.js","statementMap":{"0":{"start":{"line":1,"column":15},"end":{"line":1,"column":42}},"1":{"start":{"line":3,"column":21},"end":{"line":3,"column":61}},"2":{"start":{"line":4,"column":14},"end":{"line":4,"column":54}},"3":{"start":{"line":5,"column":21},"end":{"line":5,"column":59}},"4":{"start":{"line":6,"column":24},"end":{"line":6,"column":59}},"5":{"start":{"line":7,"column":15},"end":{"line":7,"column":49}},"6":{"start":{"line":9,"column":0},"end":{"line":9,"column":71}},"7":{"start":{"line":10,"column":0},"end":{"line":10,"column":33}},"8":{"start":{"line":11,"column":0},"end":{"line":11,"column":39}},"9":{"start":{"line":12,"column":0},"end":{"line":12,"column":77}},"10":{"start":{"line":13,"column":0},"end":{"line":13,"column":51}},"11":{"start":{"line":16,"column":0},"end":{"line":16,"column":24}}},"fnMap":{},"branchMap":{},"s":{"0":2,"1":2,"2":2,"3":2,"4":2,"5":2,"6":2,"7":2,"8":2,"9":2,"10":2,"11":2},"f":{},"b":{},"_coverageSchema":"1a1c01bbd47fc00a2c39e90264f33305004495a9","hash":"eb3ef31abd75b97338e9be754fd9ae3c24939854"}
,"D:\\KULIAH\\KITCHEN\\Kelompok3-Backend-Final_Project\\utils\\apiError.js": {"path":"D:\\KULIAH\\KITCHEN\\Kelompok3-Backend-Final_Project\\utils\\apiError.js","statementMap":{"0":{"start":{"line":3,"column":8},"end":{"line":3,"column":22}},"1":{"start":{"line":5,"column":8},"end":{"line":5,"column":28}},"2":{"start":{"line":6,"column":8},"end":{"line":6,"column":37}},"3":{"start":{"line":7,"column":8},"end":{"line":7,"column":75}},"4":{"start":{"line":9,"column":8},"end":{"line":9,"column":56}},"5":{"start":{"line":13,"column":0},"end":{"line":13,"column":26}}},"fnMap":{"0":{"name":"(anonymous_0)","decl":{"start":{"line":2,"column":4},"end":{"line":2,"column":5}},"loc":{"start":{"line":2,"column":37},"end":{"line":10,"column":5}},"line":2}},"branchMap":{"0":{"loc":{"start":{"line":7,"column":22},"end":{"line":7,"column":74}},"type":"cond-expr","locations":[{"start":{"line":7,"column":56},"end":{"line":7,"column":64}},{"start":{"line":7,"column":67},"end":{"line":7,"column":74}}],"line":7}},"s":{"0":0,"1":0,"2":0,"3":0,"4":0,"5":2},"f":{"0":0},"b":{"0":[0,0]},"_coverageSchema":"1a1c01bbd47fc00a2c39e90264f33305004495a9","hash":"403208a3747ed5c379b5b22eed97b82035d79fce"}
,"D:\\KULIAH\\KITCHEN\\Kelompok3-Backend-Final_Project\\utils\\generateTicketCode.js": {"path":"D:\\KULIAH\\KITCHEN\\Kelompok3-Backend-Final_Project\\utils\\generateTicketCode.js","statementMap":{"0":{"start":{"line":1,"column":37},"end":{"line":1,"column":57}},"1":{"start":{"line":4,"column":4},"end":{"line":15,"column":5}},"2":{"start":{"line":5,"column":24},"end":{"line":5,"column":58}},"3":{"start":{"line":6,"column":8},"end":{"line":8,"column":9}},"4":{"start":{"line":7,"column":12},"end":{"line":7,"column":48}},"5":{"start":{"line":9,"column":27},"end":{"line":9,"column":66}},"6":{"start":{"line":10,"column":8},"end":{"line":10,"column":25}},"7":{"start":{"line":11,"column":8},"end":{"line":11,"column":31}},"8":{"start":{"line":13,"column":8},"end":{"line":13,"column":62}},"9":{"start":{"line":14,"column":8},"end":{"line":14,"column":20}},"10":{"start":{"line":18,"column":0},"end":{"line":18,"column":30}}},"fnMap":{"0":{"name":"generateCode","decl":{"start":{"line":3,"column":15},"end":{"line":3,"column":27}},"loc":{"start":{"line":3,"column":40},"end":{"line":16,"column":1}},"line":3}},"branchMap":{"0":{"loc":{"start":{"line":6,"column":8},"end":{"line":8,"column":9}},"type":"if","locations":[{"start":{"line":6,"column":8},"end":{"line":8,"column":9}},{"start":{},"end":{}}],"line":6}},"s":{"0":2,"1":0,"2":0,"3":0,"4":0,"5":0,"6":0,"7":0,"8":0,"9":0,"10":2},"f":{"0":0},"b":{"0":[0,0]},"_coverageSchema":"1a1c01bbd47fc00a2c39e90264f33305004495a9","hash":"f1d4a9c1b1e0b638436b81c791690a98d844f65f"}
,"D:\\KULIAH\\KITCHEN\\Kelompok3-Backend-Final_Project\\utils\\handleUpload.js": {"path":"D:\\KULIAH\\KITCHEN\\Kelompok3-Backend-Final_Project\\utils\\handleUpload.js","statementMap":{"0":{"start":{"line":2,"column":17},"end":{"line":2,"column":43}},"1":{"start":{"line":4,"column":26},"end":{"line":25,"column":1}},"2":{"start":{"line":5,"column":17},"end":{"line":5,"column":19}},"3":{"start":{"line":6,"column":16},"end":{"line":6,"column":18}},"4":{"start":{"line":8,"column":1},"end":{"line":22,"column":3}},"5":{"start":{"line":10,"column":17},"end":{"line":10,"column":45}},"6":{"start":{"line":11,"column":21},"end":{"line":11,"column":44}},"7":{"start":{"line":13,"column":25},"end":{"line":17,"column":5}},"8":{"start":{"line":19,"column":3},"end":{"line":19,"column":37}},"9":{"start":{"line":20,"column":3},"end":{"line":20,"column":39}},"10":{"start":{"line":24,"column":1},"end":{"line":24,"column":32}},"11":{"start":{"line":27,"column":0},"end":{"line":27,"column":35}}},"fnMap":{"0":{"name":"(anonymous_0)","decl":{"start":{"line":4,"column":26},"end":{"line":4,"column":27}},"loc":{"start":{"line":4,"column":51},"end":{"line":25,"column":1}},"line":4},"1":{"name":"(anonymous_1)","decl":{"start":{"line":9,"column":12},"end":{"line":9,"column":13}},"loc":{"start":{"line":9,"column":28},"end":{"line":21,"column":3}},"line":9}},"branchMap":{},"s":{"0":2,"1":2,"2":0,"3":0,"4":0,"5":0,"6":0,"7":0,"8":0,"9":0,"10":0,"11":2},"f":{"0":0,"1":0},"b":{},"_coverageSchema":"1a1c01bbd47fc00a2c39e90264f33305004495a9","hash":"b05e9e127c262ce02872b89d11554c182c5da689"}
,"D:\\KULIAH\\KITCHEN\\Kelompok3-Backend-Final_Project\\utils\\mailSender.js": {"path":"D:\\KULIAH\\KITCHEN\\Kelompok3-Backend-Final_Project\\utils\\mailSender.js","statementMap":{"0":{"start":{"line":1,"column":19},"end":{"line":1,"column":40}},"1":{"start":{"line":2,"column":11},"end":{"line":2,"column":24}},"2":{"start":{"line":4,"column":19},"end":{"line":29,"column":1}},"3":{"start":{"line":5,"column":4},"end":{"line":28,"column":5}},"4":{"start":{"line":7,"column":26},"end":{"line":13,"column":10}},"5":{"start":{"line":16,"column":19},"end":{"line":21,"column":10}},"6":{"start":{"line":23,"column":8},"end":{"line":23,"column":43}},"7":{"start":{"line":24,"column":8},"end":{"line":24,"column":19}},"8":{"start":{"line":27,"column":8},"end":{"line":27,"column":35}},"9":{"start":{"line":31,"column":20},"end":{"line":74,"column":1}},"10":{"start":{"line":32,"column":4},"end":{"line":73,"column":5}},"11":{"start":{"line":33,"column":19},"end":{"line":33,"column":32}},"12":{"start":{"line":34,"column":21},"end":{"line":34,"column":36}},"13":{"start":{"line":36,"column":25},"end":{"line":36,"column":49}},"14":{"start":{"line":39,"column":8},"end":{"line":41,"column":9}},"15":{"start":{"line":40,"column":12},"end":{"line":40,"column":59}},"16":{"start":{"line":44,"column":27},"end":{"line":44,"column":52}},"17":{"start":{"line":46,"column":26},"end":{"line":52,"column":10}},"18":{"start":{"line":55,"column":19},"end":{"line":66,"column":10}},"19":{"start":{"line":67,"column":8},"end":{"line":67,"column":51}},"20":{"start":{"line":68,"column":8},"end":{"line":68,"column":20}},"21":{"start":{"line":71,"column":8},"end":{"line":71,"column":62}},"22":{"start":{"line":72,"column":8},"end":{"line":72,"column":20}},"23":{"start":{"line":78,"column":4},"end":{"line":90,"column":5}},"24":{"start":{"line":79,"column":29},"end":{"line":85,"column":9}},"25":{"start":{"line":86,"column":8},"end":{"line":86,"column":63}},"26":{"start":{"line":88,"column":8},"end":{"line":88,"column":67}},"27":{"start":{"line":89,"column":8},"end":{"line":89,"column":20}},"28":{"start":{"line":92,"column":0},"end":{"line":92,"column":45}}},"fnMap":{"0":{"name":"(anonymous_0)","decl":{"start":{"line":4,"column":19},"end":{"line":4,"column":20}},"loc":{"start":{"line":4,"column":49},"end":{"line":29,"column":1}},"line":4},"1":{"name":"(anonymous_1)","decl":{"start":{"line":31,"column":20},"end":{"line":31,"column":21}},"loc":{"start":{"line":31,"column":65},"end":{"line":74,"column":1}},"line":31},"2":{"name":"sendVerificationEmail","decl":{"start":{"line":76,"column":15},"end":{"line":76,"column":36}},"loc":{"start":{"line":76,"column":49},"end":{"line":91,"column":1}},"line":76}},"branchMap":{"0":{"loc":{"start":{"line":39,"column":8},"end":{"line":41,"column":9}},"type":"if","locations":[{"start":{"line":39,"column":8},"end":{"line":41,"column":9}},{"start":{},"end":{}}],"line":39}},"s":{"0":2,"1":2,"2":2,"3":0,"4":0,"5":0,"6":0,"7":0,"8":0,"9":2,"10":0,"11":0,"12":0,"13":0,"14":0,"15":0,"16":0,"17":0,"18":0,"19":0,"20":0,"21":0,"22":0,"23":0,"24":0,"25":0,"26":0,"27":0,"28":2},"f":{"0":0,"1":0,"2":0},"b":{"0":[0,0]},"_coverageSchema":"1a1c01bbd47fc00a2c39e90264f33305004495a9","hash":"97abf012298950fad1ea65fa16aa7a52e6c43210"}
}
